CRITICAL - 2021-10-12 00:02:15 --> fopen(/var/www/html/altozano/writable/session/ci_sessionjrb7bmuj607rk6cqcmsardgthmtfp7q8): failed to open stream: Permission denied
#0 [internal function]: CodeIgniter\Debug\Exceptions->errorHandler()
#1 /var/www/html/altozano/vendor/codeigniter4/framework/system/Session/Handlers/FileHandler.php(129): fopen()
#2 [internal function]: CodeIgniter\Session\Handlers\FileHandler->read()
#3 /var/www/html/altozano/vendor/codeigniter4/framework/system/Session/Session.php(898): session_start()
#4 /var/www/html/altozano/vendor/codeigniter4/framework/system/Session/Session.php(238): CodeIgniter\Session\Session->startSession()
#5 /var/www/html/altozano/vendor/codeigniter4/framework/system/Config/Services.php(577): CodeIgniter\Session\Session->start()
#6 /var/www/html/altozano/vendor/codeigniter4/framework/system/Config/BaseService.php(248): CodeIgniter\Config\Services::session()
#7 /var/www/html/altozano/vendor/codeigniter4/framework/system/Config/BaseService.php(189): CodeIgniter\Config\BaseService::__callStatic()
#8 /var/www/html/altozano/vendor/codeigniter4/framework/system/Config/Services.php(563): CodeIgniter\Config\BaseService::getSharedInstance()
#9 /var/www/html/altozano/vendor/codeigniter4/framework/system/Config/BaseService.php(248): CodeIgniter\Config\Services::session()
#10 /var/www/html/altozano/vendor/codeigniter4/framework/system/Common.php(904): CodeIgniter\Config\BaseService::__callStatic()
#11 /var/www/html/altozano/app/Filters/Auth.php(28): session()
#12 /var/www/html/altozano/vendor/codeigniter4/framework/system/Filters/Filters.php(169): App\Filters\Auth->before()
#13 /var/www/html/altozano/vendor/codeigniter4/framework/system/CodeIgniter.php(374): CodeIgniter\Filters\Filters->run()
#14 /var/www/html/altozano/vendor/codeigniter4/framework/system/CodeIgniter.php(317): CodeIgniter\CodeIgniter->handleRequest()
#15 /var/www/html/altozano/public/index.php(37): CodeIgniter\CodeIgniter->run()
#16 /var/www/html/altozano/vendor/codeigniter4/framework/system/Commands/Server/rewrite.php(43): require_once('/var/www/html/a...')
#17 {main}
CRITICAL - 2021-10-12 00:03:03 --> fopen(/var/www/html/altozano/writable/session/ci_sessionjrb7bmuj607rk6cqcmsardgthmtfp7q8): failed to open stream: Permission denied
#0 [internal function]: CodeIgniter\Debug\Exceptions->errorHandler()
#1 /var/www/html/altozano/vendor/codeigniter4/framework/system/Session/Handlers/FileHandler.php(129): fopen()
#2 [internal function]: CodeIgniter\Session\Handlers\FileHandler->read()
#3 /var/www/html/altozano/vendor/codeigniter4/framework/system/Session/Session.php(898): session_start()
#4 /var/www/html/altozano/vendor/codeigniter4/framework/system/Session/Session.php(238): CodeIgniter\Session\Session->startSession()
#5 /var/www/html/altozano/vendor/codeigniter4/framework/system/Config/Services.php(577): CodeIgniter\Session\Session->start()
#6 /var/www/html/altozano/vendor/codeigniter4/framework/system/Config/BaseService.php(248): CodeIgniter\Config\Services::session()
#7 /var/www/html/altozano/vendor/codeigniter4/framework/system/Config/BaseService.php(189): CodeIgniter\Config\BaseService::__callStatic()
#8 /var/www/html/altozano/vendor/codeigniter4/framework/system/Config/Services.php(563): CodeIgniter\Config\BaseService::getSharedInstance()
#9 /var/www/html/altozano/vendor/codeigniter4/framework/system/Config/BaseService.php(248): CodeIgniter\Config\Services::session()
#10 /var/www/html/altozano/vendor/codeigniter4/framework/system/Common.php(904): CodeIgniter\Config\BaseService::__callStatic()
#11 /var/www/html/altozano/app/Filters/Auth.php(28): session()
#12 /var/www/html/altozano/vendor/codeigniter4/framework/system/Filters/Filters.php(169): App\Filters\Auth->before()
#13 /var/www/html/altozano/vendor/codeigniter4/framework/system/CodeIgniter.php(374): CodeIgniter\Filters\Filters->run()
#14 /var/www/html/altozano/vendor/codeigniter4/framework/system/CodeIgniter.php(317): CodeIgniter\CodeIgniter->handleRequest()
#15 /var/www/html/altozano/public/index.php(37): CodeIgniter\CodeIgniter->run()
#16 /var/www/html/altozano/vendor/codeigniter4/framework/system/Commands/Server/rewrite.php(43): require_once('/var/www/html/a...')
#17 {main}
