CRITICAL - 2021-09-21 00:02:12 --> Undefined property: stdClass::$nombre
#0 /var/www/html/mante/app/Views/Admin/vehiculos/list.php(18): CodeIgniter\Debug\Exceptions->errorHandler()
#1 /var/www/html/mante/vendor/codeigniter4/framework/system/View/View.php(214): include('/var/www/html/m...')
#2 /var/www/html/mante/vendor/codeigniter4/framework/system/View/View.php(217): CodeIgniter\View\View->CodeIgniter\View\{closure}()
#3 /var/www/html/mante/vendor/codeigniter4/framework/system/Common.php(1092): CodeIgniter\View\View->render()
#4 /var/www/html/mante/app/Libraries/Template.php(26): view()
#5 /var/www/html/mante/app/Controllers/Admin/Vehiculos.php(26): App\Libraries\Template->render()
#6 /var/www/html/mante/vendor/codeigniter4/framework/system/CodeIgniter.php(802): App\Controllers\Admin\Vehiculos->index()
#7 /var/www/html/mante/vendor/codeigniter4/framework/system/CodeIgniter.php(399): CodeIgniter\CodeIgniter->runController()
#8 /var/www/html/mante/vendor/codeigniter4/framework/system/CodeIgniter.php(317): CodeIgniter\CodeIgniter->handleRequest()
#9 /var/www/html/mante/public/index.php(37): CodeIgniter\CodeIgniter->run()
#10 /var/www/html/mante/vendor/codeigniter4/framework/system/Commands/Server/rewrite.php(43): require_once('/var/www/html/m...')
#11 {main}
CRITICAL - 2021-09-21 00:02:12 --> Undefined property: stdClass::$nombre
#0 /var/www/html/mante/app/Views/Admin/vehiculos/list.php(18): CodeIgniter\Debug\Exceptions->errorHandler()
#1 /var/www/html/mante/vendor/codeigniter4/framework/system/View/View.php(214): include('/var/www/html/m...')
#2 /var/www/html/mante/vendor/codeigniter4/framework/system/View/View.php(217): CodeIgniter\View\View->CodeIgniter\View\{closure}()
#3 /var/www/html/mante/vendor/codeigniter4/framework/system/Common.php(1092): CodeIgniter\View\View->render()
#4 /var/www/html/mante/app/Libraries/Template.php(26): view()
#5 /var/www/html/mante/app/Controllers/Admin/Vehiculos.php(26): App\Libraries\Template->render()
#6 /var/www/html/mante/vendor/codeigniter4/framework/system/CodeIgniter.php(802): App\Controllers\Admin\Vehiculos->index()
#7 /var/www/html/mante/vendor/codeigniter4/framework/system/CodeIgniter.php(399): CodeIgniter\CodeIgniter->runController()
#8 /var/www/html/mante/vendor/codeigniter4/framework/system/CodeIgniter.php(317): CodeIgniter\CodeIgniter->handleRequest()
#9 /var/www/html/mante/public/index.php(37): CodeIgniter\CodeIgniter->run()
#10 /var/www/html/mante/vendor/codeigniter4/framework/system/Commands/Server/rewrite.php(43): require_once('/var/www/html/m...')
#11 {main}
CRITICAL - 2021-09-21 00:21:27 --> Trying to get property 'placa' of non-object
#0 /var/www/html/mante/app/Views/Admin/vehiculos/editar.php(8): CodeIgniter\Debug\Exceptions->errorHandler()
#1 /var/www/html/mante/vendor/codeigniter4/framework/system/View/View.php(214): include('/var/www/html/m...')
#2 /var/www/html/mante/vendor/codeigniter4/framework/system/View/View.php(217): CodeIgniter\View\View->CodeIgniter\View\{closure}()
#3 /var/www/html/mante/vendor/codeigniter4/framework/system/Common.php(1092): CodeIgniter\View\View->render()
#4 /var/www/html/mante/app/Libraries/Template.php(26): view()
#5 /var/www/html/mante/app/Controllers/Admin/Vehiculos.php(41): App\Libraries\Template->render()
#6 /var/www/html/mante/vendor/codeigniter4/framework/system/CodeIgniter.php(802): App\Controllers\Admin\Vehiculos->editar()
#7 /var/www/html/mante/vendor/codeigniter4/framework/system/CodeIgniter.php(399): CodeIgniter\CodeIgniter->runController()
#8 /var/www/html/mante/vendor/codeigniter4/framework/system/CodeIgniter.php(317): CodeIgniter\CodeIgniter->handleRequest()
#9 /var/www/html/mante/public/index.php(37): CodeIgniter\CodeIgniter->run()
#10 /var/www/html/mante/vendor/codeigniter4/framework/system/Commands/Server/rewrite.php(43): require_once('/var/www/html/m...')
#11 {main}
CRITICAL - 2021-09-21 00:21:28 --> Trying to get property 'placa' of non-object
#0 /var/www/html/mante/app/Views/Admin/vehiculos/editar.php(8): CodeIgniter\Debug\Exceptions->errorHandler()
#1 /var/www/html/mante/vendor/codeigniter4/framework/system/View/View.php(214): include('/var/www/html/m...')
#2 /var/www/html/mante/vendor/codeigniter4/framework/system/View/View.php(217): CodeIgniter\View\View->CodeIgniter\View\{closure}()
#3 /var/www/html/mante/vendor/codeigniter4/framework/system/Common.php(1092): CodeIgniter\View\View->render()
#4 /var/www/html/mante/app/Libraries/Template.php(26): view()
#5 /var/www/html/mante/app/Controllers/Admin/Vehiculos.php(41): App\Libraries\Template->render()
#6 /var/www/html/mante/vendor/codeigniter4/framework/system/CodeIgniter.php(802): App\Controllers\Admin\Vehiculos->editar()
#7 /var/www/html/mante/vendor/codeigniter4/framework/system/CodeIgniter.php(399): CodeIgniter\CodeIgniter->runController()
#8 /var/www/html/mante/vendor/codeigniter4/framework/system/CodeIgniter.php(317): CodeIgniter\CodeIgniter->handleRequest()
#9 /var/www/html/mante/public/index.php(37): CodeIgniter\CodeIgniter->run()
#10 /var/www/html/mante/vendor/codeigniter4/framework/system/Commands/Server/rewrite.php(43): require_once('/var/www/html/m...')
#11 {main}
CRITICAL - 2021-09-21 00:21:28 --> Trying to get property 'placa' of non-object
#0 /var/www/html/mante/app/Views/Admin/vehiculos/editar.php(8): CodeIgniter\Debug\Exceptions->errorHandler()
#1 /var/www/html/mante/vendor/codeigniter4/framework/system/View/View.php(214): include('/var/www/html/m...')
#2 /var/www/html/mante/vendor/codeigniter4/framework/system/View/View.php(217): CodeIgniter\View\View->CodeIgniter\View\{closure}()
#3 /var/www/html/mante/vendor/codeigniter4/framework/system/Common.php(1092): CodeIgniter\View\View->render()
#4 /var/www/html/mante/app/Libraries/Template.php(26): view()
#5 /var/www/html/mante/app/Controllers/Admin/Vehiculos.php(41): App\Libraries\Template->render()
#6 /var/www/html/mante/vendor/codeigniter4/framework/system/CodeIgniter.php(802): App\Controllers\Admin\Vehiculos->editar()
#7 /var/www/html/mante/vendor/codeigniter4/framework/system/CodeIgniter.php(399): CodeIgniter\CodeIgniter->runController()
#8 /var/www/html/mante/vendor/codeigniter4/framework/system/CodeIgniter.php(317): CodeIgniter\CodeIgniter->handleRequest()
#9 /var/www/html/mante/public/index.php(37): CodeIgniter\CodeIgniter->run()
#10 /var/www/html/mante/vendor/codeigniter4/framework/system/Commands/Server/rewrite.php(43): require_once('/var/www/html/m...')
#11 {main}
CRITICAL - 2021-09-21 00:21:28 --> Trying to get property 'placa' of non-object
#0 /var/www/html/mante/app/Views/Admin/vehiculos/editar.php(8): CodeIgniter\Debug\Exceptions->errorHandler()
#1 /var/www/html/mante/vendor/codeigniter4/framework/system/View/View.php(214): include('/var/www/html/m...')
#2 /var/www/html/mante/vendor/codeigniter4/framework/system/View/View.php(217): CodeIgniter\View\View->CodeIgniter\View\{closure}()
#3 /var/www/html/mante/vendor/codeigniter4/framework/system/Common.php(1092): CodeIgniter\View\View->render()
#4 /var/www/html/mante/app/Libraries/Template.php(26): view()
#5 /var/www/html/mante/app/Controllers/Admin/Vehiculos.php(41): App\Libraries\Template->render()
#6 /var/www/html/mante/vendor/codeigniter4/framework/system/CodeIgniter.php(802): App\Controllers\Admin\Vehiculos->editar()
#7 /var/www/html/mante/vendor/codeigniter4/framework/system/CodeIgniter.php(399): CodeIgniter\CodeIgniter->runController()
#8 /var/www/html/mante/vendor/codeigniter4/framework/system/CodeIgniter.php(317): CodeIgniter\CodeIgniter->handleRequest()
#9 /var/www/html/mante/public/index.php(37): CodeIgniter\CodeIgniter->run()
#10 /var/www/html/mante/vendor/codeigniter4/framework/system/Commands/Server/rewrite.php(43): require_once('/var/www/html/m...')
#11 {main}
CRITICAL - 2021-09-21 00:21:28 --> Trying to get property 'placa' of non-object
#0 /var/www/html/mante/app/Views/Admin/vehiculos/editar.php(8): CodeIgniter\Debug\Exceptions->errorHandler()
#1 /var/www/html/mante/vendor/codeigniter4/framework/system/View/View.php(214): include('/var/www/html/m...')
#2 /var/www/html/mante/vendor/codeigniter4/framework/system/View/View.php(217): CodeIgniter\View\View->CodeIgniter\View\{closure}()
#3 /var/www/html/mante/vendor/codeigniter4/framework/system/Common.php(1092): CodeIgniter\View\View->render()
#4 /var/www/html/mante/app/Libraries/Template.php(26): view()
#5 /var/www/html/mante/app/Controllers/Admin/Vehiculos.php(41): App\Libraries\Template->render()
#6 /var/www/html/mante/vendor/codeigniter4/framework/system/CodeIgniter.php(802): App\Controllers\Admin\Vehiculos->editar()
#7 /var/www/html/mante/vendor/codeigniter4/framework/system/CodeIgniter.php(399): CodeIgniter\CodeIgniter->runController()
#8 /var/www/html/mante/vendor/codeigniter4/framework/system/CodeIgniter.php(317): CodeIgniter\CodeIgniter->handleRequest()
#9 /var/www/html/mante/public/index.php(37): CodeIgniter\CodeIgniter->run()
#10 /var/www/html/mante/vendor/codeigniter4/framework/system/Commands/Server/rewrite.php(43): require_once('/var/www/html/m...')
#11 {main}
CRITICAL - 2021-09-21 00:21:29 --> Trying to get property 'placa' of non-object
#0 /var/www/html/mante/app/Views/Admin/vehiculos/editar.php(8): CodeIgniter\Debug\Exceptions->errorHandler()
#1 /var/www/html/mante/vendor/codeigniter4/framework/system/View/View.php(214): include('/var/www/html/m...')
#2 /var/www/html/mante/vendor/codeigniter4/framework/system/View/View.php(217): CodeIgniter\View\View->CodeIgniter\View\{closure}()
#3 /var/www/html/mante/vendor/codeigniter4/framework/system/Common.php(1092): CodeIgniter\View\View->render()
#4 /var/www/html/mante/app/Libraries/Template.php(26): view()
#5 /var/www/html/mante/app/Controllers/Admin/Vehiculos.php(41): App\Libraries\Template->render()
#6 /var/www/html/mante/vendor/codeigniter4/framework/system/CodeIgniter.php(802): App\Controllers\Admin\Vehiculos->editar()
#7 /var/www/html/mante/vendor/codeigniter4/framework/system/CodeIgniter.php(399): CodeIgniter\CodeIgniter->runController()
#8 /var/www/html/mante/vendor/codeigniter4/framework/system/CodeIgniter.php(317): CodeIgniter\CodeIgniter->handleRequest()
#9 /var/www/html/mante/public/index.php(37): CodeIgniter\CodeIgniter->run()
#10 /var/www/html/mante/vendor/codeigniter4/framework/system/Commands/Server/rewrite.php(43): require_once('/var/www/html/m...')
#11 {main}
CRITICAL - 2021-09-21 00:21:29 --> Trying to get property 'placa' of non-object
#0 /var/www/html/mante/app/Views/Admin/vehiculos/editar.php(8): CodeIgniter\Debug\Exceptions->errorHandler()
#1 /var/www/html/mante/vendor/codeigniter4/framework/system/View/View.php(214): include('/var/www/html/m...')
#2 /var/www/html/mante/vendor/codeigniter4/framework/system/View/View.php(217): CodeIgniter\View\View->CodeIgniter\View\{closure}()
#3 /var/www/html/mante/vendor/codeigniter4/framework/system/Common.php(1092): CodeIgniter\View\View->render()
#4 /var/www/html/mante/app/Libraries/Template.php(26): view()
#5 /var/www/html/mante/app/Controllers/Admin/Vehiculos.php(41): App\Libraries\Template->render()
#6 /var/www/html/mante/vendor/codeigniter4/framework/system/CodeIgniter.php(802): App\Controllers\Admin\Vehiculos->editar()
#7 /var/www/html/mante/vendor/codeigniter4/framework/system/CodeIgniter.php(399): CodeIgniter\CodeIgniter->runController()
#8 /var/www/html/mante/vendor/codeigniter4/framework/system/CodeIgniter.php(317): CodeIgniter\CodeIgniter->handleRequest()
#9 /var/www/html/mante/public/index.php(37): CodeIgniter\CodeIgniter->run()
#10 /var/www/html/mante/vendor/codeigniter4/framework/system/Commands/Server/rewrite.php(43): require_once('/var/www/html/m...')
#11 {main}
