CRITICAL - 2021-10-11 17:00:14 --> validateRuc is not a valid rule.
#0 /var/www/html/altozano/vendor/codeigniter4/framework/system/Validation/Validation.php(285): CodeIgniter\Validation\Exceptions\ValidationException::forRuleNotFound()
#1 /var/www/html/altozano/vendor/codeigniter4/framework/system/Validation/Validation.php(151): CodeIgniter\Validation\Validation->processRules()
#2 /var/www/html/altozano/vendor/codeigniter4/framework/system/Controller.php(160): CodeIgniter\Validation\Validation->run()
#3 /var/www/html/altozano/app/Controllers/Admin/Empresa.php(56): CodeIgniter\Controller->validate()
#4 /var/www/html/altozano/vendor/codeigniter4/framework/system/CodeIgniter.php(802): App\Controllers\Admin\Empresa->agregar()
#5 /var/www/html/altozano/vendor/codeigniter4/framework/system/CodeIgniter.php(399): CodeIgniter\CodeIgniter->runController()
#6 /var/www/html/altozano/vendor/codeigniter4/framework/system/CodeIgniter.php(317): CodeIgniter\CodeIgniter->handleRequest()
#7 /var/www/html/altozano/public/index.php(37): CodeIgniter\CodeIgniter->run()
#8 /var/www/html/altozano/vendor/codeigniter4/framework/system/Commands/Server/rewrite.php(43): require_once('/var/www/html/a...')
#9 {main}
CRITICAL - 2021-10-11 17:02:22 --> validateRuc is not a valid rule.
#0 /var/www/html/altozano/vendor/codeigniter4/framework/system/Validation/Validation.php(285): CodeIgniter\Validation\Exceptions\ValidationException::forRuleNotFound()
#1 /var/www/html/altozano/vendor/codeigniter4/framework/system/Validation/Validation.php(151): CodeIgniter\Validation\Validation->processRules()
#2 /var/www/html/altozano/vendor/codeigniter4/framework/system/Controller.php(160): CodeIgniter\Validation\Validation->run()
#3 /var/www/html/altozano/app/Controllers/Admin/Empresa.php(56): CodeIgniter\Controller->validate()
#4 /var/www/html/altozano/vendor/codeigniter4/framework/system/CodeIgniter.php(802): App\Controllers\Admin\Empresa->agregar()
#5 /var/www/html/altozano/vendor/codeigniter4/framework/system/CodeIgniter.php(399): CodeIgniter\CodeIgniter->runController()
#6 /var/www/html/altozano/vendor/codeigniter4/framework/system/CodeIgniter.php(317): CodeIgniter\CodeIgniter->handleRequest()
#7 /var/www/html/altozano/public/index.php(37): CodeIgniter\CodeIgniter->run()
#8 /var/www/html/altozano/vendor/codeigniter4/framework/system/Commands/Server/rewrite.php(43): require_once('/var/www/html/a...')
#9 {main}
CRITICAL - 2021-10-11 17:02:24 --> validateRuc is not a valid rule.
#0 /var/www/html/altozano/vendor/codeigniter4/framework/system/Validation/Validation.php(285): CodeIgniter\Validation\Exceptions\ValidationException::forRuleNotFound()
#1 /var/www/html/altozano/vendor/codeigniter4/framework/system/Validation/Validation.php(151): CodeIgniter\Validation\Validation->processRules()
#2 /var/www/html/altozano/vendor/codeigniter4/framework/system/Controller.php(160): CodeIgniter\Validation\Validation->run()
#3 /var/www/html/altozano/app/Controllers/Admin/Empresa.php(56): CodeIgniter\Controller->validate()
#4 /var/www/html/altozano/vendor/codeigniter4/framework/system/CodeIgniter.php(802): App\Controllers\Admin\Empresa->agregar()
#5 /var/www/html/altozano/vendor/codeigniter4/framework/system/CodeIgniter.php(399): CodeIgniter\CodeIgniter->runController()
#6 /var/www/html/altozano/vendor/codeigniter4/framework/system/CodeIgniter.php(317): CodeIgniter\CodeIgniter->handleRequest()
#7 /var/www/html/altozano/public/index.php(37): CodeIgniter\CodeIgniter->run()
#8 /var/www/html/altozano/vendor/codeigniter4/framework/system/Commands/Server/rewrite.php(43): require_once('/var/www/html/a...')
#9 {main}
CRITICAL - 2021-10-11 17:02:31 --> validateRuc is not a valid rule.
#0 /var/www/html/altozano/vendor/codeigniter4/framework/system/Validation/Validation.php(285): CodeIgniter\Validation\Exceptions\ValidationException::forRuleNotFound()
#1 /var/www/html/altozano/vendor/codeigniter4/framework/system/Validation/Validation.php(151): CodeIgniter\Validation\Validation->processRules()
#2 /var/www/html/altozano/vendor/codeigniter4/framework/system/Controller.php(160): CodeIgniter\Validation\Validation->run()
#3 /var/www/html/altozano/app/Controllers/Admin/Empresa.php(56): CodeIgniter\Controller->validate()
#4 /var/www/html/altozano/vendor/codeigniter4/framework/system/CodeIgniter.php(802): App\Controllers\Admin\Empresa->agregar()
#5 /var/www/html/altozano/vendor/codeigniter4/framework/system/CodeIgniter.php(399): CodeIgniter\CodeIgniter->runController()
#6 /var/www/html/altozano/vendor/codeigniter4/framework/system/CodeIgniter.php(317): CodeIgniter\CodeIgniter->handleRequest()
#7 /var/www/html/altozano/public/index.php(37): CodeIgniter\CodeIgniter->run()
#8 /var/www/html/altozano/vendor/codeigniter4/framework/system/Commands/Server/rewrite.php(43): require_once('/var/www/html/a...')
#9 {main}
CRITICAL - 2021-10-11 17:03:35 --> Class 'Config\EmpresaRules' not found
#0 /var/www/html/altozano/vendor/codeigniter4/framework/system/Validation/Validation.php(115): CodeIgniter\Validation\Validation->loadRuleSets()
#1 /var/www/html/altozano/vendor/codeigniter4/framework/system/Controller.php(160): CodeIgniter\Validation\Validation->run()
#2 /var/www/html/altozano/app/Controllers/Admin/Empresa.php(56): CodeIgniter\Controller->validate()
#3 /var/www/html/altozano/vendor/codeigniter4/framework/system/CodeIgniter.php(802): App\Controllers\Admin\Empresa->agregar()
#4 /var/www/html/altozano/vendor/codeigniter4/framework/system/CodeIgniter.php(399): CodeIgniter\CodeIgniter->runController()
#5 /var/www/html/altozano/vendor/codeigniter4/framework/system/CodeIgniter.php(317): CodeIgniter\CodeIgniter->handleRequest()
#6 /var/www/html/altozano/public/index.php(37): CodeIgniter\CodeIgniter->run()
#7 /var/www/html/altozano/vendor/codeigniter4/framework/system/Commands/Server/rewrite.php(43): require_once('/var/www/html/a...')
#8 {main}
CRITICAL - 2021-10-11 17:03:58 --> validateRuc is not a valid rule.
#0 /var/www/html/altozano/vendor/codeigniter4/framework/system/Validation/Validation.php(285): CodeIgniter\Validation\Exceptions\ValidationException::forRuleNotFound()
#1 /var/www/html/altozano/vendor/codeigniter4/framework/system/Validation/Validation.php(151): CodeIgniter\Validation\Validation->processRules()
#2 /var/www/html/altozano/vendor/codeigniter4/framework/system/Controller.php(160): CodeIgniter\Validation\Validation->run()
#3 /var/www/html/altozano/app/Controllers/Admin/Empresa.php(56): CodeIgniter\Controller->validate()
#4 /var/www/html/altozano/vendor/codeigniter4/framework/system/CodeIgniter.php(802): App\Controllers\Admin\Empresa->agregar()
#5 /var/www/html/altozano/vendor/codeigniter4/framework/system/CodeIgniter.php(399): CodeIgniter\CodeIgniter->runController()
#6 /var/www/html/altozano/vendor/codeigniter4/framework/system/CodeIgniter.php(317): CodeIgniter\CodeIgniter->handleRequest()
#7 /var/www/html/altozano/public/index.php(37): CodeIgniter\CodeIgniter->run()
#8 /var/www/html/altozano/vendor/codeigniter4/framework/system/Commands/Server/rewrite.php(43): require_once('/var/www/html/a...')
#9 {main}
CRITICAL - 2021-10-11 17:04:51 --> Call to protected method App\Validation\EmpresaRules::validateRuc() from context 'CodeIgniter\Validation\Validation'
#0 /var/www/html/altozano/vendor/codeigniter4/framework/system/Validation/Validation.php(151): CodeIgniter\Validation\Validation->processRules()
#1 /var/www/html/altozano/vendor/codeigniter4/framework/system/Controller.php(160): CodeIgniter\Validation\Validation->run()
#2 /var/www/html/altozano/app/Controllers/Admin/Empresa.php(56): CodeIgniter\Controller->validate()
#3 /var/www/html/altozano/vendor/codeigniter4/framework/system/CodeIgniter.php(802): App\Controllers\Admin\Empresa->agregar()
#4 /var/www/html/altozano/vendor/codeigniter4/framework/system/CodeIgniter.php(399): CodeIgniter\CodeIgniter->runController()
#5 /var/www/html/altozano/vendor/codeigniter4/framework/system/CodeIgniter.php(317): CodeIgniter\CodeIgniter->handleRequest()
#6 /var/www/html/altozano/public/index.php(37): CodeIgniter\CodeIgniter->run()
#7 /var/www/html/altozano/vendor/codeigniter4/framework/system/Commands/Server/rewrite.php(43): require_once('/var/www/html/a...')
#8 {main}
CRITICAL - 2021-10-11 17:06:17 --> Invalid file: Admin/empresa/editar.php
#0 /var/www/html/altozano/vendor/codeigniter4/framework/system/View/View.php(198): CodeIgniter\Exceptions\FrameworkException::forInvalidFile()
#1 /var/www/html/altozano/vendor/codeigniter4/framework/system/Common.php(1092): CodeIgniter\View\View->render()
#2 /var/www/html/altozano/app/Libraries/Template.php(26): view()
#3 /var/www/html/altozano/app/Controllers/Admin/Empresa.php(62): App\Libraries\Template->render()
#4 /var/www/html/altozano/vendor/codeigniter4/framework/system/CodeIgniter.php(802): App\Controllers\Admin\Empresa->agregar()
#5 /var/www/html/altozano/vendor/codeigniter4/framework/system/CodeIgniter.php(399): CodeIgniter\CodeIgniter->runController()
#6 /var/www/html/altozano/vendor/codeigniter4/framework/system/CodeIgniter.php(317): CodeIgniter\CodeIgniter->handleRequest()
#7 /var/www/html/altozano/public/index.php(37): CodeIgniter\CodeIgniter->run()
#8 /var/www/html/altozano/vendor/codeigniter4/framework/system/Commands/Server/rewrite.php(43): require_once('/var/www/html/a...')
#9 {main}
CRITICAL - 2021-10-11 17:06:28 --> Invalid file: Admin/empresa/editar.php
#0 /var/www/html/altozano/vendor/codeigniter4/framework/system/View/View.php(198): CodeIgniter\Exceptions\FrameworkException::forInvalidFile()
#1 /var/www/html/altozano/vendor/codeigniter4/framework/system/Common.php(1092): CodeIgniter\View\View->render()
#2 /var/www/html/altozano/app/Libraries/Template.php(26): view()
#3 /var/www/html/altozano/app/Controllers/Admin/Empresa.php(62): App\Libraries\Template->render()
#4 /var/www/html/altozano/vendor/codeigniter4/framework/system/CodeIgniter.php(802): App\Controllers\Admin\Empresa->agregar()
#5 /var/www/html/altozano/vendor/codeigniter4/framework/system/CodeIgniter.php(399): CodeIgniter\CodeIgniter->runController()
#6 /var/www/html/altozano/vendor/codeigniter4/framework/system/CodeIgniter.php(317): CodeIgniter\CodeIgniter->handleRequest()
#7 /var/www/html/altozano/public/index.php(37): CodeIgniter\CodeIgniter->run()
#8 /var/www/html/altozano/vendor/codeigniter4/framework/system/Commands/Server/rewrite.php(43): require_once('/var/www/html/a...')
#9 {main}
CRITICAL - 2021-10-11 17:07:20 --> Undefined variable: nombre
#0 /var/www/html/altozano/app/Views/Admin/empresa/agregar.php(2): CodeIgniter\Debug\Exceptions->errorHandler()
#1 /var/www/html/altozano/vendor/codeigniter4/framework/system/View/View.php(214): include('/var/www/html/a...')
#2 /var/www/html/altozano/vendor/codeigniter4/framework/system/View/View.php(217): CodeIgniter\View\View->CodeIgniter\View\{closure}()
#3 /var/www/html/altozano/vendor/codeigniter4/framework/system/Common.php(1092): CodeIgniter\View\View->render()
#4 /var/www/html/altozano/app/Libraries/Template.php(26): view()
#5 /var/www/html/altozano/app/Controllers/Admin/Empresa.php(63): App\Libraries\Template->render()
#6 /var/www/html/altozano/vendor/codeigniter4/framework/system/CodeIgniter.php(802): App\Controllers\Admin\Empresa->agregar()
#7 /var/www/html/altozano/vendor/codeigniter4/framework/system/CodeIgniter.php(399): CodeIgniter\CodeIgniter->runController()
#8 /var/www/html/altozano/vendor/codeigniter4/framework/system/CodeIgniter.php(317): CodeIgniter\CodeIgniter->handleRequest()
#9 /var/www/html/altozano/public/index.php(37): CodeIgniter\CodeIgniter->run()
#10 /var/www/html/altozano/vendor/codeigniter4/framework/system/Commands/Server/rewrite.php(43): require_once('/var/www/html/a...')
#11 {main}
CRITICAL - 2021-10-11 17:22:35 --> Invalid file: Admin/empresa/editar.php
#0 /var/www/html/altozano/vendor/codeigniter4/framework/system/View/View.php(198): CodeIgniter\Exceptions\FrameworkException::forInvalidFile()
#1 /var/www/html/altozano/vendor/codeigniter4/framework/system/Common.php(1092): CodeIgniter\View\View->render()
#2 /var/www/html/altozano/app/Libraries/Template.php(26): view()
#3 /var/www/html/altozano/app/Controllers/Admin/Empresa.php(122): App\Libraries\Template->render()
#4 /var/www/html/altozano/vendor/codeigniter4/framework/system/CodeIgniter.php(802): App\Controllers\Admin\Empresa->editar()
#5 /var/www/html/altozano/vendor/codeigniter4/framework/system/CodeIgniter.php(399): CodeIgniter\CodeIgniter->runController()
#6 /var/www/html/altozano/vendor/codeigniter4/framework/system/CodeIgniter.php(317): CodeIgniter\CodeIgniter->handleRequest()
#7 /var/www/html/altozano/public/index.php(37): CodeIgniter\CodeIgniter->run()
#8 /var/www/html/altozano/vendor/codeigniter4/framework/system/Commands/Server/rewrite.php(43): require_once('/var/www/html/a...')
#9 {main}
CRITICAL - 2021-10-11 17:26:43 --> Undefined variable: vehiculo
#0 /var/www/html/altozano/app/Views/Admin/empresa/editar.php(8): CodeIgniter\Debug\Exceptions->errorHandler()
#1 /var/www/html/altozano/vendor/codeigniter4/framework/system/View/View.php(214): include('/var/www/html/a...')
#2 /var/www/html/altozano/vendor/codeigniter4/framework/system/View/View.php(217): CodeIgniter\View\View->CodeIgniter\View\{closure}()
#3 /var/www/html/altozano/vendor/codeigniter4/framework/system/Common.php(1092): CodeIgniter\View\View->render()
#4 /var/www/html/altozano/app/Libraries/Template.php(26): view()
#5 /var/www/html/altozano/app/Controllers/Admin/Empresa.php(108): App\Libraries\Template->render()
#6 /var/www/html/altozano/vendor/codeigniter4/framework/system/CodeIgniter.php(802): App\Controllers\Admin\Empresa->editar()
#7 /var/www/html/altozano/vendor/codeigniter4/framework/system/CodeIgniter.php(399): CodeIgniter\CodeIgniter->runController()
#8 /var/www/html/altozano/vendor/codeigniter4/framework/system/CodeIgniter.php(317): CodeIgniter\CodeIgniter->handleRequest()
#9 /var/www/html/altozano/public/index.php(37): CodeIgniter\CodeIgniter->run()
#10 /var/www/html/altozano/vendor/codeigniter4/framework/system/Commands/Server/rewrite.php(43): require_once('/var/www/html/a...')
#11 {main}
CRITICAL - 2021-10-11 17:26:51 --> Undefined variable: f_model
#0 /var/www/html/altozano/app/Views/Admin/empresa/editar.php(8): CodeIgniter\Debug\Exceptions->errorHandler()
#1 /var/www/html/altozano/vendor/codeigniter4/framework/system/View/View.php(214): include('/var/www/html/a...')
#2 /var/www/html/altozano/vendor/codeigniter4/framework/system/View/View.php(217): CodeIgniter\View\View->CodeIgniter\View\{closure}()
#3 /var/www/html/altozano/vendor/codeigniter4/framework/system/Common.php(1092): CodeIgniter\View\View->render()
#4 /var/www/html/altozano/app/Libraries/Template.php(26): view()
#5 /var/www/html/altozano/app/Controllers/Admin/Empresa.php(108): App\Libraries\Template->render()
#6 /var/www/html/altozano/vendor/codeigniter4/framework/system/CodeIgniter.php(802): App\Controllers\Admin\Empresa->editar()
#7 /var/www/html/altozano/vendor/codeigniter4/framework/system/CodeIgniter.php(399): CodeIgniter\CodeIgniter->runController()
#8 /var/www/html/altozano/vendor/codeigniter4/framework/system/CodeIgniter.php(317): CodeIgniter\CodeIgniter->handleRequest()
#9 /var/www/html/altozano/public/index.php(37): CodeIgniter\CodeIgniter->run()
#10 /var/www/html/altozano/vendor/codeigniter4/framework/system/Commands/Server/rewrite.php(43): require_once('/var/www/html/a...')
#11 {main}
CRITICAL - 2021-10-11 17:27:13 --> Undefined variable: f_model
#0 /var/www/html/altozano/app/Views/Admin/empresa/editar.php(8): CodeIgniter\Debug\Exceptions->errorHandler()
#1 /var/www/html/altozano/vendor/codeigniter4/framework/system/View/View.php(214): include('/var/www/html/a...')
#2 /var/www/html/altozano/vendor/codeigniter4/framework/system/View/View.php(217): CodeIgniter\View\View->CodeIgniter\View\{closure}()
#3 /var/www/html/altozano/vendor/codeigniter4/framework/system/Common.php(1092): CodeIgniter\View\View->render()
#4 /var/www/html/altozano/app/Libraries/Template.php(26): view()
#5 /var/www/html/altozano/app/Controllers/Admin/Empresa.php(108): App\Libraries\Template->render()
#6 /var/www/html/altozano/vendor/codeigniter4/framework/system/CodeIgniter.php(802): App\Controllers\Admin\Empresa->editar()
#7 /var/www/html/altozano/vendor/codeigniter4/framework/system/CodeIgniter.php(399): CodeIgniter\CodeIgniter->runController()
#8 /var/www/html/altozano/vendor/codeigniter4/framework/system/CodeIgniter.php(317): CodeIgniter\CodeIgniter->handleRequest()
#9 /var/www/html/altozano/public/index.php(37): CodeIgniter\CodeIgniter->run()
#10 /var/www/html/altozano/vendor/codeigniter4/framework/system/Commands/Server/rewrite.php(43): require_once('/var/www/html/a...')
#11 {main}
CRITICAL - 2021-10-11 17:27:14 --> Undefined variable: f_model
#0 /var/www/html/altozano/app/Views/Admin/empresa/editar.php(8): CodeIgniter\Debug\Exceptions->errorHandler()
#1 /var/www/html/altozano/vendor/codeigniter4/framework/system/View/View.php(214): include('/var/www/html/a...')
#2 /var/www/html/altozano/vendor/codeigniter4/framework/system/View/View.php(217): CodeIgniter\View\View->CodeIgniter\View\{closure}()
#3 /var/www/html/altozano/vendor/codeigniter4/framework/system/Common.php(1092): CodeIgniter\View\View->render()
#4 /var/www/html/altozano/app/Libraries/Template.php(26): view()
#5 /var/www/html/altozano/app/Controllers/Admin/Empresa.php(108): App\Libraries\Template->render()
#6 /var/www/html/altozano/vendor/codeigniter4/framework/system/CodeIgniter.php(802): App\Controllers\Admin\Empresa->editar()
#7 /var/www/html/altozano/vendor/codeigniter4/framework/system/CodeIgniter.php(399): CodeIgniter\CodeIgniter->runController()
#8 /var/www/html/altozano/vendor/codeigniter4/framework/system/CodeIgniter.php(317): CodeIgniter\CodeIgniter->handleRequest()
#9 /var/www/html/altozano/public/index.php(37): CodeIgniter\CodeIgniter->run()
#10 /var/www/html/altozano/vendor/codeigniter4/framework/system/Commands/Server/rewrite.php(43): require_once('/var/www/html/a...')
#11 {main}
