CRITICAL - 2021-09-19 23:55:27 --> Call to a member function getError() on null
#0 /var/www/html/mante/vendor/codeigniter4/framework/system/View/View.php(214): include()
#1 /var/www/html/mante/vendor/codeigniter4/framework/system/View/View.php(217): CodeIgniter\View\View->CodeIgniter\View\{closure}()
#2 /var/www/html/mante/vendor/codeigniter4/framework/system/Common.php(1092): CodeIgniter\View\View->render()
#3 /var/www/html/mante/app/Libraries/Template.php(26): view()
#4 /var/www/html/mante/app/Controllers/Login.php(63): App\Libraries\Template->render()
#5 /var/www/html/mante/vendor/codeigniter4/framework/system/CodeIgniter.php(802): App\Controllers\Login->index()
#6 /var/www/html/mante/vendor/codeigniter4/framework/system/CodeIgniter.php(399): CodeIgniter\CodeIgniter->runController()
#7 /var/www/html/mante/vendor/codeigniter4/framework/system/CodeIgniter.php(317): CodeIgniter\CodeIgniter->handleRequest()
#8 /var/www/html/mante/public/index.php(37): CodeIgniter\CodeIgniter->run()
#9 /var/www/html/mante/vendor/codeigniter4/framework/system/Commands/Server/rewrite.php(43): require_once('/var/www/html/m...')
#10 {main}
CRITICAL - 2021-09-19 23:55:29 --> Call to a member function getError() on null
#0 /var/www/html/mante/vendor/codeigniter4/framework/system/View/View.php(214): include()
#1 /var/www/html/mante/vendor/codeigniter4/framework/system/View/View.php(217): CodeIgniter\View\View->CodeIgniter\View\{closure}()
#2 /var/www/html/mante/vendor/codeigniter4/framework/system/Common.php(1092): CodeIgniter\View\View->render()
#3 /var/www/html/mante/app/Libraries/Template.php(26): view()
#4 /var/www/html/mante/app/Controllers/Login.php(63): App\Libraries\Template->render()
#5 /var/www/html/mante/vendor/codeigniter4/framework/system/CodeIgniter.php(802): App\Controllers\Login->index()
#6 /var/www/html/mante/vendor/codeigniter4/framework/system/CodeIgniter.php(399): CodeIgniter\CodeIgniter->runController()
#7 /var/www/html/mante/vendor/codeigniter4/framework/system/CodeIgniter.php(317): CodeIgniter\CodeIgniter->handleRequest()
#8 /var/www/html/mante/public/index.php(37): CodeIgniter\CodeIgniter->run()
#9 /var/www/html/mante/vendor/codeigniter4/framework/system/Commands/Server/rewrite.php(43): require_once('/var/www/html/m...')
#10 {main}
CRITICAL - 2021-09-19 23:55:38 --> Call to a member function getError() on null
#0 /var/www/html/mante/vendor/codeigniter4/framework/system/View/View.php(214): include()
#1 /var/www/html/mante/vendor/codeigniter4/framework/system/View/View.php(217): CodeIgniter\View\View->CodeIgniter\View\{closure}()
#2 /var/www/html/mante/vendor/codeigniter4/framework/system/Common.php(1092): CodeIgniter\View\View->render()
#3 /var/www/html/mante/app/Libraries/Template.php(26): view()
#4 /var/www/html/mante/app/Controllers/Login.php(63): App\Libraries\Template->render()
#5 /var/www/html/mante/vendor/codeigniter4/framework/system/CodeIgniter.php(802): App\Controllers\Login->index()
#6 /var/www/html/mante/vendor/codeigniter4/framework/system/CodeIgniter.php(399): CodeIgniter\CodeIgniter->runController()
#7 /var/www/html/mante/vendor/codeigniter4/framework/system/CodeIgniter.php(317): CodeIgniter\CodeIgniter->handleRequest()
#8 /var/www/html/mante/public/index.php(37): CodeIgniter\CodeIgniter->run()
#9 /var/www/html/mante/vendor/codeigniter4/framework/system/Commands/Server/rewrite.php(43): require_once('/var/www/html/m...')
#10 {main}
CRITICAL - 2021-09-19 23:55:40 --> Call to a member function getError() on null
#0 /var/www/html/mante/vendor/codeigniter4/framework/system/View/View.php(214): include()
#1 /var/www/html/mante/vendor/codeigniter4/framework/system/View/View.php(217): CodeIgniter\View\View->CodeIgniter\View\{closure}()
#2 /var/www/html/mante/vendor/codeigniter4/framework/system/Common.php(1092): CodeIgniter\View\View->render()
#3 /var/www/html/mante/app/Libraries/Template.php(26): view()
#4 /var/www/html/mante/app/Controllers/Login.php(63): App\Libraries\Template->render()
#5 /var/www/html/mante/vendor/codeigniter4/framework/system/CodeIgniter.php(802): App\Controllers\Login->index()
#6 /var/www/html/mante/vendor/codeigniter4/framework/system/CodeIgniter.php(399): CodeIgniter\CodeIgniter->runController()
#7 /var/www/html/mante/vendor/codeigniter4/framework/system/CodeIgniter.php(317): CodeIgniter\CodeIgniter->handleRequest()
#8 /var/www/html/mante/public/index.php(37): CodeIgniter\CodeIgniter->run()
#9 /var/www/html/mante/vendor/codeigniter4/framework/system/Commands/Server/rewrite.php(43): require_once('/var/www/html/m...')
#10 {main}
CRITICAL - 2021-09-19 23:56:17 --> syntax error, unexpected ';', expecting ')'
#0 /var/www/html/mante/vendor/codeigniter4/framework/system/Autoloader/Autoloader.php(241): CodeIgniter\Autoloader\Autoloader->includeFile()
#1 /var/www/html/mante/vendor/codeigniter4/framework/system/Autoloader/Autoloader.php(219): CodeIgniter\Autoloader\Autoloader->loadInNamespace()
#2 [internal function]: CodeIgniter\Autoloader\Autoloader->loadClass()
#3 [internal function]: spl_autoload_call()
#4 /var/www/html/mante/vendor/codeigniter4/framework/system/CodeIgniter.php(767): class_exists()
#5 /var/www/html/mante/vendor/codeigniter4/framework/system/CodeIgniter.php(386): CodeIgniter\CodeIgniter->startController()
#6 /var/www/html/mante/vendor/codeigniter4/framework/system/CodeIgniter.php(317): CodeIgniter\CodeIgniter->handleRequest()
#7 /var/www/html/mante/public/index.php(37): CodeIgniter\CodeIgniter->run()
#8 /var/www/html/mante/vendor/codeigniter4/framework/system/Commands/Server/rewrite.php(43): require_once('/var/www/html/m...')
#9 {main}
CRITICAL - 2021-09-19 23:56:18 --> syntax error, unexpected ';', expecting ')'
#0 /var/www/html/mante/vendor/codeigniter4/framework/system/Autoloader/Autoloader.php(241): CodeIgniter\Autoloader\Autoloader->includeFile()
#1 /var/www/html/mante/vendor/codeigniter4/framework/system/Autoloader/Autoloader.php(219): CodeIgniter\Autoloader\Autoloader->loadInNamespace()
#2 [internal function]: CodeIgniter\Autoloader\Autoloader->loadClass()
#3 [internal function]: spl_autoload_call()
#4 /var/www/html/mante/vendor/codeigniter4/framework/system/CodeIgniter.php(767): class_exists()
#5 /var/www/html/mante/vendor/codeigniter4/framework/system/CodeIgniter.php(386): CodeIgniter\CodeIgniter->startController()
#6 /var/www/html/mante/vendor/codeigniter4/framework/system/CodeIgniter.php(317): CodeIgniter\CodeIgniter->handleRequest()
#7 /var/www/html/mante/public/index.php(37): CodeIgniter\CodeIgniter->run()
#8 /var/www/html/mante/vendor/codeigniter4/framework/system/Commands/Server/rewrite.php(43): require_once('/var/www/html/m...')
#9 {main}
