CRITICAL - 2021-09-20 00:26:32 --> Call to undefined function CodeIgniter\locale_set_default()
#0 /var/www/html/mante/vendor/codeigniter4/framework/system/bootstrap.php(146): CodeIgniter\CodeIgniter->initialize()
#1 /var/www/html/mante/spark(45): require('...')
#2 {main}
CRITICAL - 2021-09-20 00:27:20 --> Call to undefined function CodeIgniter\locale_set_default()
#0 /var/www/html/mante/vendor/codeigniter4/framework/system/bootstrap.php(146): CodeIgniter\CodeIgniter->initialize()
#1 /var/www/html/mante/spark(45): require('...')
#2 {main}
CRITICAL - 2021-09-20 00:27:33 --> Call to undefined function CodeIgniter\locale_set_default()
#0 /var/www/html/mante/vendor/codeigniter4/framework/system/bootstrap.php(146): CodeIgniter\CodeIgniter->initialize()
#1 /var/www/html/mante/spark(45): require('...')
#2 {main}
CRITICAL - 2021-09-20 00:07:23 --> password_hash(): Unknown password hashing algorithm: 123
#0 [internal function]: CodeIgniter\Debug\Exceptions->errorHandler()
#1 /var/www/html/mante/app/Controllers/Login.php(40): password_hash()
#2 /var/www/html/mante/vendor/codeigniter4/framework/system/CodeIgniter.php(802): App\Controllers\Login->index()
#3 /var/www/html/mante/vendor/codeigniter4/framework/system/CodeIgniter.php(399): CodeIgniter\CodeIgniter->runController()
#4 /var/www/html/mante/vendor/codeigniter4/framework/system/CodeIgniter.php(317): CodeIgniter\CodeIgniter->handleRequest()
#5 /var/www/html/mante/public/index.php(37): CodeIgniter\CodeIgniter->run()
#6 /var/www/html/mante/vendor/codeigniter4/framework/system/Commands/Server/rewrite.php(43): require_once('/var/www/html/m...')
#7 {main}
CRITICAL - 2021-09-20 00:07:25 --> password_hash(): Unknown password hashing algorithm: 123
#0 [internal function]: CodeIgniter\Debug\Exceptions->errorHandler()
#1 /var/www/html/mante/app/Controllers/Login.php(40): password_hash()
#2 /var/www/html/mante/vendor/codeigniter4/framework/system/CodeIgniter.php(802): App\Controllers\Login->index()
#3 /var/www/html/mante/vendor/codeigniter4/framework/system/CodeIgniter.php(399): CodeIgniter\CodeIgniter->runController()
#4 /var/www/html/mante/vendor/codeigniter4/framework/system/CodeIgniter.php(317): CodeIgniter\CodeIgniter->handleRequest()
#5 /var/www/html/mante/public/index.php(37): CodeIgniter\CodeIgniter->run()
#6 /var/www/html/mante/vendor/codeigniter4/framework/system/Commands/Server/rewrite.php(43): require_once('/var/www/html/m...')
#7 {main}
CRITICAL - 2021-09-20 14:21:27 --> validateUser is not a valid rule.
#0 /var/www/html/mante/vendor/codeigniter4/framework/system/Validation/Validation.php(285): CodeIgniter\Validation\Exceptions\ValidationException::forRuleNotFound()
#1 /var/www/html/mante/vendor/codeigniter4/framework/system/Validation/Validation.php(151): CodeIgniter\Validation\Validation->processRules()
#2 /var/www/html/mante/vendor/codeigniter4/framework/system/Controller.php(160): CodeIgniter\Validation\Validation->run()
#3 /var/www/html/mante/app/Controllers/Login.php(43): CodeIgniter\Controller->validate()
#4 /var/www/html/mante/vendor/codeigniter4/framework/system/CodeIgniter.php(802): App\Controllers\Login->index()
#5 /var/www/html/mante/vendor/codeigniter4/framework/system/CodeIgniter.php(399): CodeIgniter\CodeIgniter->runController()
#6 /var/www/html/mante/vendor/codeigniter4/framework/system/CodeIgniter.php(317): CodeIgniter\CodeIgniter->handleRequest()
#7 /var/www/html/mante/public/index.php(37): CodeIgniter\CodeIgniter->run()
#8 /var/www/html/mante/vendor/codeigniter4/framework/system/Commands/Server/rewrite.php(43): require_once('/var/www/html/m...')
#9 {main}
CRITICAL - 2021-09-20 14:22:25 --> validateUser is not a valid rule.
#0 /var/www/html/mante/vendor/codeigniter4/framework/system/Validation/Validation.php(285): CodeIgniter\Validation\Exceptions\ValidationException::forRuleNotFound()
#1 /var/www/html/mante/vendor/codeigniter4/framework/system/Validation/Validation.php(151): CodeIgniter\Validation\Validation->processRules()
#2 /var/www/html/mante/vendor/codeigniter4/framework/system/Controller.php(160): CodeIgniter\Validation\Validation->run()
#3 /var/www/html/mante/app/Controllers/Login.php(43): CodeIgniter\Controller->validate()
#4 /var/www/html/mante/vendor/codeigniter4/framework/system/CodeIgniter.php(802): App\Controllers\Login->index()
#5 /var/www/html/mante/vendor/codeigniter4/framework/system/CodeIgniter.php(399): CodeIgniter\CodeIgniter->runController()
#6 /var/www/html/mante/vendor/codeigniter4/framework/system/CodeIgniter.php(317): CodeIgniter\CodeIgniter->handleRequest()
#7 /var/www/html/mante/public/index.php(37): CodeIgniter\CodeIgniter->run()
#8 /var/www/html/mante/vendor/codeigniter4/framework/system/Commands/Server/rewrite.php(43): require_once('/var/www/html/m...')
#9 {main}
CRITICAL - 2021-09-20 18:41:38 --> Class 'Config\App\Filters\Auth' not found
#0 /var/www/html/mante/vendor/codeigniter4/framework/system/CodeIgniter.php(374): CodeIgniter\Filters\Filters->run()
#1 /var/www/html/mante/vendor/codeigniter4/framework/system/CodeIgniter.php(317): CodeIgniter\CodeIgniter->handleRequest()
#2 /var/www/html/mante/public/index.php(37): CodeIgniter\CodeIgniter->run()
#3 /var/www/html/mante/vendor/codeigniter4/framework/system/Commands/Server/rewrite.php(43): require_once('/var/www/html/m...')
#4 {main}
CRITICAL - 2021-09-20 18:54:47 --> syntax error, unexpected '}', expecting ';'
#0 /var/www/html/mante/vendor/codeigniter4/framework/system/Autoloader/Autoloader.php(241): CodeIgniter\Autoloader\Autoloader->includeFile()
#1 /var/www/html/mante/vendor/codeigniter4/framework/system/Autoloader/Autoloader.php(219): CodeIgniter\Autoloader\Autoloader->loadInNamespace()
#2 [internal function]: CodeIgniter\Autoloader\Autoloader->loadClass()
#3 [internal function]: spl_autoload_call()
#4 /var/www/html/mante/vendor/codeigniter4/framework/system/CodeIgniter.php(767): class_exists()
#5 /var/www/html/mante/vendor/codeigniter4/framework/system/CodeIgniter.php(386): CodeIgniter\CodeIgniter->startController()
#6 /var/www/html/mante/vendor/codeigniter4/framework/system/CodeIgniter.php(317): CodeIgniter\CodeIgniter->handleRequest()
#7 /var/www/html/mante/public/index.php(37): CodeIgniter\CodeIgniter->run()
#8 /var/www/html/mante/vendor/codeigniter4/framework/system/Commands/Server/rewrite.php(43): require_once('/var/www/html/m...')
#9 {main}
CRITICAL - 2021-09-20 23:46:25 --> Trying to get property 'placa' of non-object
#0 /var/www/html/mante/app/Views/Admin/vehiculos/list.php(14): CodeIgniter\Debug\Exceptions->errorHandler()
#1 /var/www/html/mante/vendor/codeigniter4/framework/system/View/View.php(214): include('/var/www/html/m...')
#2 /var/www/html/mante/vendor/codeigniter4/framework/system/View/View.php(217): CodeIgniter\View\View->CodeIgniter\View\{closure}()
#3 /var/www/html/mante/vendor/codeigniter4/framework/system/Common.php(1092): CodeIgniter\View\View->render()
#4 /var/www/html/mante/app/Libraries/Template.php(26): view()
#5 /var/www/html/mante/app/Controllers/Admin/Vehiculos.php(22): App\Libraries\Template->render()
#6 /var/www/html/mante/vendor/codeigniter4/framework/system/CodeIgniter.php(802): App\Controllers\Admin\Vehiculos->index()
#7 /var/www/html/mante/vendor/codeigniter4/framework/system/CodeIgniter.php(399): CodeIgniter\CodeIgniter->runController()
#8 /var/www/html/mante/vendor/codeigniter4/framework/system/CodeIgniter.php(317): CodeIgniter\CodeIgniter->handleRequest()
#9 /var/www/html/mante/public/index.php(37): CodeIgniter\CodeIgniter->run()
#10 /var/www/html/mante/vendor/codeigniter4/framework/system/Commands/Server/rewrite.php(43): require_once('/var/www/html/m...')
#11 {main}
CRITICAL - 2021-09-20 23:46:55 --> Trying to get property 'placa' of non-object
#0 /var/www/html/mante/app/Views/Admin/vehiculos/list.php(14): CodeIgniter\Debug\Exceptions->errorHandler()
#1 /var/www/html/mante/vendor/codeigniter4/framework/system/View/View.php(214): include('/var/www/html/m...')
#2 /var/www/html/mante/vendor/codeigniter4/framework/system/View/View.php(217): CodeIgniter\View\View->CodeIgniter\View\{closure}()
#3 /var/www/html/mante/vendor/codeigniter4/framework/system/Common.php(1092): CodeIgniter\View\View->render()
#4 /var/www/html/mante/app/Libraries/Template.php(26): view()
#5 /var/www/html/mante/app/Controllers/Admin/Vehiculos.php(22): App\Libraries\Template->render()
#6 /var/www/html/mante/vendor/codeigniter4/framework/system/CodeIgniter.php(802): App\Controllers\Admin\Vehiculos->index()
#7 /var/www/html/mante/vendor/codeigniter4/framework/system/CodeIgniter.php(399): CodeIgniter\CodeIgniter->runController()
#8 /var/www/html/mante/vendor/codeigniter4/framework/system/CodeIgniter.php(317): CodeIgniter\CodeIgniter->handleRequest()
#9 /var/www/html/mante/public/index.php(37): CodeIgniter\CodeIgniter->run()
#10 /var/www/html/mante/vendor/codeigniter4/framework/system/Commands/Server/rewrite.php(43): require_once('/var/www/html/m...')
#11 {main}
CRITICAL - 2021-09-20 23:54:27 --> Cannot use object of type mysqli as array
#0 /var/www/html/mante/vendor/codeigniter4/framework/system/View/View.php(214): include()
#1 /var/www/html/mante/vendor/codeigniter4/framework/system/View/View.php(217): CodeIgniter\View\View->CodeIgniter\View\{closure}()
#2 /var/www/html/mante/vendor/codeigniter4/framework/system/Common.php(1092): CodeIgniter\View\View->render()
#3 /var/www/html/mante/app/Libraries/Template.php(26): view()
#4 /var/www/html/mante/app/Controllers/Admin/Vehiculos.php(24): App\Libraries\Template->render()
#5 /var/www/html/mante/vendor/codeigniter4/framework/system/CodeIgniter.php(802): App\Controllers\Admin\Vehiculos->index()
#6 /var/www/html/mante/vendor/codeigniter4/framework/system/CodeIgniter.php(399): CodeIgniter\CodeIgniter->runController()
#7 /var/www/html/mante/vendor/codeigniter4/framework/system/CodeIgniter.php(317): CodeIgniter\CodeIgniter->handleRequest()
#8 /var/www/html/mante/public/index.php(37): CodeIgniter\CodeIgniter->run()
#9 /var/www/html/mante/vendor/codeigniter4/framework/system/Commands/Server/rewrite.php(43): require_once('/var/www/html/m...')
#10 {main}
CRITICAL - 2021-09-20 23:54:28 --> Cannot use object of type mysqli as array
#0 /var/www/html/mante/vendor/codeigniter4/framework/system/View/View.php(214): include()
#1 /var/www/html/mante/vendor/codeigniter4/framework/system/View/View.php(217): CodeIgniter\View\View->CodeIgniter\View\{closure}()
#2 /var/www/html/mante/vendor/codeigniter4/framework/system/Common.php(1092): CodeIgniter\View\View->render()
#3 /var/www/html/mante/app/Libraries/Template.php(26): view()
#4 /var/www/html/mante/app/Controllers/Admin/Vehiculos.php(24): App\Libraries\Template->render()
#5 /var/www/html/mante/vendor/codeigniter4/framework/system/CodeIgniter.php(802): App\Controllers\Admin\Vehiculos->index()
#6 /var/www/html/mante/vendor/codeigniter4/framework/system/CodeIgniter.php(399): CodeIgniter\CodeIgniter->runController()
#7 /var/www/html/mante/vendor/codeigniter4/framework/system/CodeIgniter.php(317): CodeIgniter\CodeIgniter->handleRequest()
#8 /var/www/html/mante/public/index.php(37): CodeIgniter\CodeIgniter->run()
#9 /var/www/html/mante/vendor/codeigniter4/framework/system/Commands/Server/rewrite.php(43): require_once('/var/www/html/m...')
#10 {main}
CRITICAL - 2021-09-20 23:54:28 --> Cannot use object of type mysqli as array
#0 /var/www/html/mante/vendor/codeigniter4/framework/system/View/View.php(214): include()
#1 /var/www/html/mante/vendor/codeigniter4/framework/system/View/View.php(217): CodeIgniter\View\View->CodeIgniter\View\{closure}()
#2 /var/www/html/mante/vendor/codeigniter4/framework/system/Common.php(1092): CodeIgniter\View\View->render()
#3 /var/www/html/mante/app/Libraries/Template.php(26): view()
#4 /var/www/html/mante/app/Controllers/Admin/Vehiculos.php(24): App\Libraries\Template->render()
#5 /var/www/html/mante/vendor/codeigniter4/framework/system/CodeIgniter.php(802): App\Controllers\Admin\Vehiculos->index()
#6 /var/www/html/mante/vendor/codeigniter4/framework/system/CodeIgniter.php(399): CodeIgniter\CodeIgniter->runController()
#7 /var/www/html/mante/vendor/codeigniter4/framework/system/CodeIgniter.php(317): CodeIgniter\CodeIgniter->handleRequest()
#8 /var/www/html/mante/public/index.php(37): CodeIgniter\CodeIgniter->run()
#9 /var/www/html/mante/vendor/codeigniter4/framework/system/Commands/Server/rewrite.php(43): require_once('/var/www/html/m...')
#10 {main}
CRITICAL - 2021-09-20 23:54:29 --> Cannot use object of type mysqli as array
#0 /var/www/html/mante/vendor/codeigniter4/framework/system/View/View.php(214): include()
#1 /var/www/html/mante/vendor/codeigniter4/framework/system/View/View.php(217): CodeIgniter\View\View->CodeIgniter\View\{closure}()
#2 /var/www/html/mante/vendor/codeigniter4/framework/system/Common.php(1092): CodeIgniter\View\View->render()
#3 /var/www/html/mante/app/Libraries/Template.php(26): view()
#4 /var/www/html/mante/app/Controllers/Admin/Vehiculos.php(24): App\Libraries\Template->render()
#5 /var/www/html/mante/vendor/codeigniter4/framework/system/CodeIgniter.php(802): App\Controllers\Admin\Vehiculos->index()
#6 /var/www/html/mante/vendor/codeigniter4/framework/system/CodeIgniter.php(399): CodeIgniter\CodeIgniter->runController()
#7 /var/www/html/mante/vendor/codeigniter4/framework/system/CodeIgniter.php(317): CodeIgniter\CodeIgniter->handleRequest()
#8 /var/www/html/mante/public/index.php(37): CodeIgniter\CodeIgniter->run()
#9 /var/www/html/mante/vendor/codeigniter4/framework/system/Commands/Server/rewrite.php(43): require_once('/var/www/html/m...')
#10 {main}
CRITICAL - 2021-09-20 23:54:29 --> Cannot use object of type mysqli as array
#0 /var/www/html/mante/vendor/codeigniter4/framework/system/View/View.php(214): include()
#1 /var/www/html/mante/vendor/codeigniter4/framework/system/View/View.php(217): CodeIgniter\View\View->CodeIgniter\View\{closure}()
#2 /var/www/html/mante/vendor/codeigniter4/framework/system/Common.php(1092): CodeIgniter\View\View->render()
#3 /var/www/html/mante/app/Libraries/Template.php(26): view()
#4 /var/www/html/mante/app/Controllers/Admin/Vehiculos.php(24): App\Libraries\Template->render()
#5 /var/www/html/mante/vendor/codeigniter4/framework/system/CodeIgniter.php(802): App\Controllers\Admin\Vehiculos->index()
#6 /var/www/html/mante/vendor/codeigniter4/framework/system/CodeIgniter.php(399): CodeIgniter\CodeIgniter->runController()
#7 /var/www/html/mante/vendor/codeigniter4/framework/system/CodeIgniter.php(317): CodeIgniter\CodeIgniter->handleRequest()
#8 /var/www/html/mante/public/index.php(37): CodeIgniter\CodeIgniter->run()
#9 /var/www/html/mante/vendor/codeigniter4/framework/system/Commands/Server/rewrite.php(43): require_once('/var/www/html/m...')
#10 {main}
CRITICAL - 2021-09-20 23:54:29 --> Cannot use object of type mysqli as array
#0 /var/www/html/mante/vendor/codeigniter4/framework/system/View/View.php(214): include()
#1 /var/www/html/mante/vendor/codeigniter4/framework/system/View/View.php(217): CodeIgniter\View\View->CodeIgniter\View\{closure}()
#2 /var/www/html/mante/vendor/codeigniter4/framework/system/Common.php(1092): CodeIgniter\View\View->render()
#3 /var/www/html/mante/app/Libraries/Template.php(26): view()
#4 /var/www/html/mante/app/Controllers/Admin/Vehiculos.php(24): App\Libraries\Template->render()
#5 /var/www/html/mante/vendor/codeigniter4/framework/system/CodeIgniter.php(802): App\Controllers\Admin\Vehiculos->index()
#6 /var/www/html/mante/vendor/codeigniter4/framework/system/CodeIgniter.php(399): CodeIgniter\CodeIgniter->runController()
#7 /var/www/html/mante/vendor/codeigniter4/framework/system/CodeIgniter.php(317): CodeIgniter\CodeIgniter->handleRequest()
#8 /var/www/html/mante/public/index.php(37): CodeIgniter\CodeIgniter->run()
#9 /var/www/html/mante/vendor/codeigniter4/framework/system/Commands/Server/rewrite.php(43): require_once('/var/www/html/m...')
#10 {main}
CRITICAL - 2021-09-20 23:54:29 --> Cannot use object of type mysqli as array
#0 /var/www/html/mante/vendor/codeigniter4/framework/system/View/View.php(214): include()
#1 /var/www/html/mante/vendor/codeigniter4/framework/system/View/View.php(217): CodeIgniter\View\View->CodeIgniter\View\{closure}()
#2 /var/www/html/mante/vendor/codeigniter4/framework/system/Common.php(1092): CodeIgniter\View\View->render()
#3 /var/www/html/mante/app/Libraries/Template.php(26): view()
#4 /var/www/html/mante/app/Controllers/Admin/Vehiculos.php(24): App\Libraries\Template->render()
#5 /var/www/html/mante/vendor/codeigniter4/framework/system/CodeIgniter.php(802): App\Controllers\Admin\Vehiculos->index()
#6 /var/www/html/mante/vendor/codeigniter4/framework/system/CodeIgniter.php(399): CodeIgniter\CodeIgniter->runController()
#7 /var/www/html/mante/vendor/codeigniter4/framework/system/CodeIgniter.php(317): CodeIgniter\CodeIgniter->handleRequest()
#8 /var/www/html/mante/public/index.php(37): CodeIgniter\CodeIgniter->run()
#9 /var/www/html/mante/vendor/codeigniter4/framework/system/Commands/Server/rewrite.php(43): require_once('/var/www/html/m...')
#10 {main}
CRITICAL - 2021-09-20 23:54:29 --> Cannot use object of type mysqli as array
#0 /var/www/html/mante/vendor/codeigniter4/framework/system/View/View.php(214): include()
#1 /var/www/html/mante/vendor/codeigniter4/framework/system/View/View.php(217): CodeIgniter\View\View->CodeIgniter\View\{closure}()
#2 /var/www/html/mante/vendor/codeigniter4/framework/system/Common.php(1092): CodeIgniter\View\View->render()
#3 /var/www/html/mante/app/Libraries/Template.php(26): view()
#4 /var/www/html/mante/app/Controllers/Admin/Vehiculos.php(24): App\Libraries\Template->render()
#5 /var/www/html/mante/vendor/codeigniter4/framework/system/CodeIgniter.php(802): App\Controllers\Admin\Vehiculos->index()
#6 /var/www/html/mante/vendor/codeigniter4/framework/system/CodeIgniter.php(399): CodeIgniter\CodeIgniter->runController()
#7 /var/www/html/mante/vendor/codeigniter4/framework/system/CodeIgniter.php(317): CodeIgniter\CodeIgniter->handleRequest()
#8 /var/www/html/mante/public/index.php(37): CodeIgniter\CodeIgniter->run()
#9 /var/www/html/mante/vendor/codeigniter4/framework/system/Commands/Server/rewrite.php(43): require_once('/var/www/html/m...')
#10 {main}
CRITICAL - 2021-09-20 23:55:09 --> Undefined property: mysqli::$placa
#0 /var/www/html/mante/app/Views/Admin/vehiculos/list.php(17): CodeIgniter\Debug\Exceptions->errorHandler()
#1 /var/www/html/mante/vendor/codeigniter4/framework/system/View/View.php(214): include('/var/www/html/m...')
#2 /var/www/html/mante/vendor/codeigniter4/framework/system/View/View.php(217): CodeIgniter\View\View->CodeIgniter\View\{closure}()
#3 /var/www/html/mante/vendor/codeigniter4/framework/system/Common.php(1092): CodeIgniter\View\View->render()
#4 /var/www/html/mante/app/Libraries/Template.php(26): view()
#5 /var/www/html/mante/app/Controllers/Admin/Vehiculos.php(26): App\Libraries\Template->render()
#6 /var/www/html/mante/vendor/codeigniter4/framework/system/CodeIgniter.php(802): App\Controllers\Admin\Vehiculos->index()
#7 /var/www/html/mante/vendor/codeigniter4/framework/system/CodeIgniter.php(399): CodeIgniter\CodeIgniter->runController()
#8 /var/www/html/mante/vendor/codeigniter4/framework/system/CodeIgniter.php(317): CodeIgniter\CodeIgniter->handleRequest()
#9 /var/www/html/mante/public/index.php(37): CodeIgniter\CodeIgniter->run()
#10 /var/www/html/mante/vendor/codeigniter4/framework/system/Commands/Server/rewrite.php(43): require_once('/var/www/html/m...')
#11 {main}
CRITICAL - 2021-09-20 23:55:09 --> Undefined property: mysqli::$placa
#0 /var/www/html/mante/app/Views/Admin/vehiculos/list.php(17): CodeIgniter\Debug\Exceptions->errorHandler()
#1 /var/www/html/mante/vendor/codeigniter4/framework/system/View/View.php(214): include('/var/www/html/m...')
#2 /var/www/html/mante/vendor/codeigniter4/framework/system/View/View.php(217): CodeIgniter\View\View->CodeIgniter\View\{closure}()
#3 /var/www/html/mante/vendor/codeigniter4/framework/system/Common.php(1092): CodeIgniter\View\View->render()
#4 /var/www/html/mante/app/Libraries/Template.php(26): view()
#5 /var/www/html/mante/app/Controllers/Admin/Vehiculos.php(26): App\Libraries\Template->render()
#6 /var/www/html/mante/vendor/codeigniter4/framework/system/CodeIgniter.php(802): App\Controllers\Admin\Vehiculos->index()
#7 /var/www/html/mante/vendor/codeigniter4/framework/system/CodeIgniter.php(399): CodeIgniter\CodeIgniter->runController()
#8 /var/www/html/mante/vendor/codeigniter4/framework/system/CodeIgniter.php(317): CodeIgniter\CodeIgniter->handleRequest()
#9 /var/www/html/mante/public/index.php(37): CodeIgniter\CodeIgniter->run()
#10 /var/www/html/mante/vendor/codeigniter4/framework/system/Commands/Server/rewrite.php(43): require_once('/var/www/html/m...')
#11 {main}
CRITICAL - 2021-09-20 23:55:09 --> Undefined property: mysqli::$placa
#0 /var/www/html/mante/app/Views/Admin/vehiculos/list.php(17): CodeIgniter\Debug\Exceptions->errorHandler()
#1 /var/www/html/mante/vendor/codeigniter4/framework/system/View/View.php(214): include('/var/www/html/m...')
#2 /var/www/html/mante/vendor/codeigniter4/framework/system/View/View.php(217): CodeIgniter\View\View->CodeIgniter\View\{closure}()
#3 /var/www/html/mante/vendor/codeigniter4/framework/system/Common.php(1092): CodeIgniter\View\View->render()
#4 /var/www/html/mante/app/Libraries/Template.php(26): view()
#5 /var/www/html/mante/app/Controllers/Admin/Vehiculos.php(26): App\Libraries\Template->render()
#6 /var/www/html/mante/vendor/codeigniter4/framework/system/CodeIgniter.php(802): App\Controllers\Admin\Vehiculos->index()
#7 /var/www/html/mante/vendor/codeigniter4/framework/system/CodeIgniter.php(399): CodeIgniter\CodeIgniter->runController()
#8 /var/www/html/mante/vendor/codeigniter4/framework/system/CodeIgniter.php(317): CodeIgniter\CodeIgniter->handleRequest()
#9 /var/www/html/mante/public/index.php(37): CodeIgniter\CodeIgniter->run()
#10 /var/www/html/mante/vendor/codeigniter4/framework/system/Commands/Server/rewrite.php(43): require_once('/var/www/html/m...')
#11 {main}
CRITICAL - 2021-09-20 23:55:10 --> Undefined property: mysqli::$placa
#0 /var/www/html/mante/app/Views/Admin/vehiculos/list.php(17): CodeIgniter\Debug\Exceptions->errorHandler()
#1 /var/www/html/mante/vendor/codeigniter4/framework/system/View/View.php(214): include('/var/www/html/m...')
#2 /var/www/html/mante/vendor/codeigniter4/framework/system/View/View.php(217): CodeIgniter\View\View->CodeIgniter\View\{closure}()
#3 /var/www/html/mante/vendor/codeigniter4/framework/system/Common.php(1092): CodeIgniter\View\View->render()
#4 /var/www/html/mante/app/Libraries/Template.php(26): view()
#5 /var/www/html/mante/app/Controllers/Admin/Vehiculos.php(26): App\Libraries\Template->render()
#6 /var/www/html/mante/vendor/codeigniter4/framework/system/CodeIgniter.php(802): App\Controllers\Admin\Vehiculos->index()
#7 /var/www/html/mante/vendor/codeigniter4/framework/system/CodeIgniter.php(399): CodeIgniter\CodeIgniter->runController()
#8 /var/www/html/mante/vendor/codeigniter4/framework/system/CodeIgniter.php(317): CodeIgniter\CodeIgniter->handleRequest()
#9 /var/www/html/mante/public/index.php(37): CodeIgniter\CodeIgniter->run()
#10 /var/www/html/mante/vendor/codeigniter4/framework/system/Commands/Server/rewrite.php(43): require_once('/var/www/html/m...')
#11 {main}
CRITICAL - 2021-09-20 23:55:10 --> Undefined property: mysqli::$placa
#0 /var/www/html/mante/app/Views/Admin/vehiculos/list.php(17): CodeIgniter\Debug\Exceptions->errorHandler()
#1 /var/www/html/mante/vendor/codeigniter4/framework/system/View/View.php(214): include('/var/www/html/m...')
#2 /var/www/html/mante/vendor/codeigniter4/framework/system/View/View.php(217): CodeIgniter\View\View->CodeIgniter\View\{closure}()
#3 /var/www/html/mante/vendor/codeigniter4/framework/system/Common.php(1092): CodeIgniter\View\View->render()
#4 /var/www/html/mante/app/Libraries/Template.php(26): view()
#5 /var/www/html/mante/app/Controllers/Admin/Vehiculos.php(26): App\Libraries\Template->render()
#6 /var/www/html/mante/vendor/codeigniter4/framework/system/CodeIgniter.php(802): App\Controllers\Admin\Vehiculos->index()
#7 /var/www/html/mante/vendor/codeigniter4/framework/system/CodeIgniter.php(399): CodeIgniter\CodeIgniter->runController()
#8 /var/www/html/mante/vendor/codeigniter4/framework/system/CodeIgniter.php(317): CodeIgniter\CodeIgniter->handleRequest()
#9 /var/www/html/mante/public/index.php(37): CodeIgniter\CodeIgniter->run()
#10 /var/www/html/mante/vendor/codeigniter4/framework/system/Commands/Server/rewrite.php(43): require_once('/var/www/html/m...')
#11 {main}
CRITICAL - 2021-09-20 23:58:55 --> Call to undefined method CodeIgniter\Database\MySQLi\Builder::getResult()
#0 /var/www/html/mante/vendor/codeigniter4/framework/system/CodeIgniter.php(802): App\Controllers\Admin\Vehiculos->index()
#1 /var/www/html/mante/vendor/codeigniter4/framework/system/CodeIgniter.php(399): CodeIgniter\CodeIgniter->runController()
#2 /var/www/html/mante/vendor/codeigniter4/framework/system/CodeIgniter.php(317): CodeIgniter\CodeIgniter->handleRequest()
#3 /var/www/html/mante/public/index.php(37): CodeIgniter\CodeIgniter->run()
#4 /var/www/html/mante/vendor/codeigniter4/framework/system/Commands/Server/rewrite.php(43): require_once('/var/www/html/m...')
#5 {main}
CRITICAL - 2021-09-20 23:58:56 --> Call to undefined method CodeIgniter\Database\MySQLi\Builder::getResult()
#0 /var/www/html/mante/vendor/codeigniter4/framework/system/CodeIgniter.php(802): App\Controllers\Admin\Vehiculos->index()
#1 /var/www/html/mante/vendor/codeigniter4/framework/system/CodeIgniter.php(399): CodeIgniter\CodeIgniter->runController()
#2 /var/www/html/mante/vendor/codeigniter4/framework/system/CodeIgniter.php(317): CodeIgniter\CodeIgniter->handleRequest()
#3 /var/www/html/mante/public/index.php(37): CodeIgniter\CodeIgniter->run()
#4 /var/www/html/mante/vendor/codeigniter4/framework/system/Commands/Server/rewrite.php(43): require_once('/var/www/html/m...')
#5 {main}
CRITICAL - 2021-09-20 23:58:56 --> Call to undefined method CodeIgniter\Database\MySQLi\Builder::getResult()
#0 /var/www/html/mante/vendor/codeigniter4/framework/system/CodeIgniter.php(802): App\Controllers\Admin\Vehiculos->index()
#1 /var/www/html/mante/vendor/codeigniter4/framework/system/CodeIgniter.php(399): CodeIgniter\CodeIgniter->runController()
#2 /var/www/html/mante/vendor/codeigniter4/framework/system/CodeIgniter.php(317): CodeIgniter\CodeIgniter->handleRequest()
#3 /var/www/html/mante/public/index.php(37): CodeIgniter\CodeIgniter->run()
#4 /var/www/html/mante/vendor/codeigniter4/framework/system/Commands/Server/rewrite.php(43): require_once('/var/www/html/m...')
#5 {main}
CRITICAL - 2021-09-20 23:58:56 --> Call to undefined method CodeIgniter\Database\MySQLi\Builder::getResult()
#0 /var/www/html/mante/vendor/codeigniter4/framework/system/CodeIgniter.php(802): App\Controllers\Admin\Vehiculos->index()
#1 /var/www/html/mante/vendor/codeigniter4/framework/system/CodeIgniter.php(399): CodeIgniter\CodeIgniter->runController()
#2 /var/www/html/mante/vendor/codeigniter4/framework/system/CodeIgniter.php(317): CodeIgniter\CodeIgniter->handleRequest()
#3 /var/www/html/mante/public/index.php(37): CodeIgniter\CodeIgniter->run()
#4 /var/www/html/mante/vendor/codeigniter4/framework/system/Commands/Server/rewrite.php(43): require_once('/var/www/html/m...')
#5 {main}
CRITICAL - 2021-09-20 23:58:57 --> Call to undefined method CodeIgniter\Database\MySQLi\Builder::getResult()
#0 /var/www/html/mante/vendor/codeigniter4/framework/system/CodeIgniter.php(802): App\Controllers\Admin\Vehiculos->index()
#1 /var/www/html/mante/vendor/codeigniter4/framework/system/CodeIgniter.php(399): CodeIgniter\CodeIgniter->runController()
#2 /var/www/html/mante/vendor/codeigniter4/framework/system/CodeIgniter.php(317): CodeIgniter\CodeIgniter->handleRequest()
#3 /var/www/html/mante/public/index.php(37): CodeIgniter\CodeIgniter->run()
#4 /var/www/html/mante/vendor/codeigniter4/framework/system/Commands/Server/rewrite.php(43): require_once('/var/www/html/m...')
#5 {main}
