CRITICAL - 2021-12-13 09:33:19 --> Undefined index: personal
#0 /var/www/html/altozano/code4altozano/app/Views/templates/template2.php(55): CodeIgniter\Debug\Exceptions->errorHandler()
#1 /var/www/html/altozano/code4altozano/vendor/codeigniter4/framework/system/View/View.php(214): include('/var/www/html/a...')
#2 /var/www/html/altozano/code4altozano/vendor/codeigniter4/framework/system/View/View.php(217): CodeIgniter\View\View->CodeIgniter\View\{closure}()
#3 /var/www/html/altozano/code4altozano/vendor/codeigniter4/framework/system/Common.php(1092): CodeIgniter\View\View->render()
#4 /var/www/html/altozano/code4altozano/app/Libraries/Template.php(33): view()
#5 /var/www/html/altozano/code4altozano/app/Controllers/Admin/Oc.php(533): App\Libraries\Template->render()
#6 /var/www/html/altozano/code4altozano/vendor/codeigniter4/framework/system/CodeIgniter.php(802): App\Controllers\Admin\Oc->reporteFinanzas()
#7 /var/www/html/altozano/code4altozano/vendor/codeigniter4/framework/system/CodeIgniter.php(399): CodeIgniter\CodeIgniter->runController()
#8 /var/www/html/altozano/code4altozano/vendor/codeigniter4/framework/system/CodeIgniter.php(317): CodeIgniter\CodeIgniter->handleRequest()
#9 /var/www/html/altozano/public_altozano/altozano/index.php(37): CodeIgniter\CodeIgniter->run()
#10 {main}
CRITICAL - 2021-12-13 10:45:31 --> Undefined index: personal
#0 /var/www/html/altozano/code4altozano/app/Views/templates/template2.php(72): CodeIgniter\Debug\Exceptions->errorHandler()
#1 /var/www/html/altozano/code4altozano/vendor/codeigniter4/framework/system/View/View.php(214): include('/var/www/html/a...')
#2 /var/www/html/altozano/code4altozano/vendor/codeigniter4/framework/system/View/View.php(217): CodeIgniter\View\View->CodeIgniter\View\{closure}()
#3 /var/www/html/altozano/code4altozano/vendor/codeigniter4/framework/system/Common.php(1092): CodeIgniter\View\View->render()
#4 /var/www/html/altozano/code4altozano/app/Libraries/Template.php(33): view()
#5 /var/www/html/altozano/code4altozano/app/Controllers/Admin/Oc.php(527): App\Libraries\Template->render()
#6 /var/www/html/altozano/code4altozano/vendor/codeigniter4/framework/system/CodeIgniter.php(802): App\Controllers\Admin\Oc->reporteOrdenes()
#7 /var/www/html/altozano/code4altozano/vendor/codeigniter4/framework/system/CodeIgniter.php(399): CodeIgniter\CodeIgniter->runController()
#8 /var/www/html/altozano/code4altozano/vendor/codeigniter4/framework/system/CodeIgniter.php(317): CodeIgniter\CodeIgniter->handleRequest()
#9 /var/www/html/altozano/public_altozano/altozano/index.php(37): CodeIgniter\CodeIgniter->run()
#10 {main}
CRITICAL - 2021-12-13 10:46:28 --> Undefined index: personal
#0 /var/www/html/altozano/code4altozano/app/Views/templates/template2.php(72): CodeIgniter\Debug\Exceptions->errorHandler()
#1 /var/www/html/altozano/code4altozano/vendor/codeigniter4/framework/system/View/View.php(214): include('/var/www/html/a...')
#2 /var/www/html/altozano/code4altozano/vendor/codeigniter4/framework/system/View/View.php(217): CodeIgniter\View\View->CodeIgniter\View\{closure}()
#3 /var/www/html/altozano/code4altozano/vendor/codeigniter4/framework/system/Common.php(1092): CodeIgniter\View\View->render()
#4 /var/www/html/altozano/code4altozano/app/Libraries/Template.php(33): view()
#5 /var/www/html/altozano/code4altozano/app/Controllers/Admin/Oc.php(527): App\Libraries\Template->render()
#6 /var/www/html/altozano/code4altozano/vendor/codeigniter4/framework/system/CodeIgniter.php(802): App\Controllers\Admin\Oc->reporteOrdenes()
#7 /var/www/html/altozano/code4altozano/vendor/codeigniter4/framework/system/CodeIgniter.php(399): CodeIgniter\CodeIgniter->runController()
#8 /var/www/html/altozano/code4altozano/vendor/codeigniter4/framework/system/CodeIgniter.php(317): CodeIgniter\CodeIgniter->handleRequest()
#9 /var/www/html/altozano/public_altozano/altozano/index.php(37): CodeIgniter\CodeIgniter->run()
#10 {main}
CRITICAL - 2021-12-13 10:51:40 --> Undefined index: fechaInicio
#0 /var/www/html/altozano/code4altozano/app/Controllers/Admin/Oc.php(599): CodeIgniter\Debug\Exceptions->errorHandler()
#1 /var/www/html/altozano/code4altozano/vendor/codeigniter4/framework/system/CodeIgniter.php(802): App\Controllers\Admin\Oc->getExcelFinanzas()
#2 /var/www/html/altozano/code4altozano/vendor/codeigniter4/framework/system/CodeIgniter.php(399): CodeIgniter\CodeIgniter->runController()
#3 /var/www/html/altozano/code4altozano/vendor/codeigniter4/framework/system/CodeIgniter.php(317): CodeIgniter\CodeIgniter->handleRequest()
#4 /var/www/html/altozano/public_altozano/altozano/index.php(37): CodeIgniter\CodeIgniter->run()
#5 {main}
CRITICAL - 2021-12-13 11:18:18 --> Undefined property: stdClass::$detalle
#0 /var/www/html/altozano/code4altozano/app/Controllers/Admin/Oc.php(689): CodeIgniter\Debug\Exceptions->errorHandler()
#1 /var/www/html/altozano/code4altozano/vendor/codeigniter4/framework/system/CodeIgniter.php(802): App\Controllers\Admin\Oc->getExcelFinanzas()
#2 /var/www/html/altozano/code4altozano/vendor/codeigniter4/framework/system/CodeIgniter.php(399): CodeIgniter\CodeIgniter->runController()
#3 /var/www/html/altozano/code4altozano/vendor/codeigniter4/framework/system/CodeIgniter.php(317): CodeIgniter\CodeIgniter->handleRequest()
#4 /var/www/html/altozano/public_altozano/altozano/index.php(37): CodeIgniter\CodeIgniter->run()
#5 {main}
CRITICAL - 2021-12-13 11:29:59 --> Undefined index: empresa_nombre
#0 /var/www/html/altozano/code4altozano/app/Controllers/Admin/Oc.php(662): CodeIgniter\Debug\Exceptions->errorHandler()
#1 /var/www/html/altozano/code4altozano/vendor/codeigniter4/framework/system/CodeIgniter.php(802): App\Controllers\Admin\Oc->getExcelFinanzas()
#2 /var/www/html/altozano/code4altozano/vendor/codeigniter4/framework/system/CodeIgniter.php(399): CodeIgniter\CodeIgniter->runController()
#3 /var/www/html/altozano/code4altozano/vendor/codeigniter4/framework/system/CodeIgniter.php(317): CodeIgniter\CodeIgniter->handleRequest()
#4 /var/www/html/altozano/public_altozano/altozano/index.php(37): CodeIgniter\CodeIgniter->run()
#5 {main}
CRITICAL - 2021-12-13 11:30:26 --> Trying to access array offset on value of type null
#0 /var/www/html/altozano/code4altozano/app/Controllers/Admin/Oc.php(676): CodeIgniter\Debug\Exceptions->errorHandler()
#1 /var/www/html/altozano/code4altozano/vendor/codeigniter4/framework/system/CodeIgniter.php(802): App\Controllers\Admin\Oc->getExcelFinanzas()
#2 /var/www/html/altozano/code4altozano/vendor/codeigniter4/framework/system/CodeIgniter.php(399): CodeIgniter\CodeIgniter->runController()
#3 /var/www/html/altozano/code4altozano/vendor/codeigniter4/framework/system/CodeIgniter.php(317): CodeIgniter\CodeIgniter->handleRequest()
#4 /var/www/html/altozano/public_altozano/altozano/index.php(37): CodeIgniter\CodeIgniter->run()
#5 {main}
CRITICAL - 2021-12-13 11:31:40 --> Trying to access array offset on value of type null
#0 /var/www/html/altozano/code4altozano/app/Controllers/Admin/Oc.php(679): CodeIgniter\Debug\Exceptions->errorHandler()
#1 /var/www/html/altozano/code4altozano/vendor/codeigniter4/framework/system/CodeIgniter.php(802): App\Controllers\Admin\Oc->getExcelFinanzas()
#2 /var/www/html/altozano/code4altozano/vendor/codeigniter4/framework/system/CodeIgniter.php(399): CodeIgniter\CodeIgniter->runController()
#3 /var/www/html/altozano/code4altozano/vendor/codeigniter4/framework/system/CodeIgniter.php(317): CodeIgniter\CodeIgniter->handleRequest()
#4 /var/www/html/altozano/public_altozano/altozano/index.php(37): CodeIgniter\CodeIgniter->run()
#5 {main}
CRITICAL - 2021-12-13 11:31:53 --> Trying to access array offset on value of type null
#0 /var/www/html/altozano/code4altozano/app/Controllers/Admin/Oc.php(679): CodeIgniter\Debug\Exceptions->errorHandler()
#1 /var/www/html/altozano/code4altozano/vendor/codeigniter4/framework/system/CodeIgniter.php(802): App\Controllers\Admin\Oc->getExcelFinanzas()
#2 /var/www/html/altozano/code4altozano/vendor/codeigniter4/framework/system/CodeIgniter.php(399): CodeIgniter\CodeIgniter->runController()
#3 /var/www/html/altozano/code4altozano/vendor/codeigniter4/framework/system/CodeIgniter.php(317): CodeIgniter\CodeIgniter->handleRequest()
#4 /var/www/html/altozano/public_altozano/altozano/index.php(37): CodeIgniter\CodeIgniter->run()
#5 {main}
CRITICAL - 2021-12-13 12:23:55 --> Illegal string offset 'empresa_nombre'
#0 /var/www/html/altozano/code4altozano/app/Controllers/Admin/Oc.php(898): CodeIgniter\Debug\Exceptions->errorHandler()
#1 /var/www/html/altozano/code4altozano/vendor/codeigniter4/framework/system/CodeIgniter.php(802): App\Controllers\Admin\Oc->getExcelTesoreria()
#2 /var/www/html/altozano/code4altozano/vendor/codeigniter4/framework/system/CodeIgniter.php(399): CodeIgniter\CodeIgniter->runController()
#3 /var/www/html/altozano/code4altozano/vendor/codeigniter4/framework/system/CodeIgniter.php(317): CodeIgniter\CodeIgniter->handleRequest()
#4 /var/www/html/altozano/public_altozano/altozano/index.php(37): CodeIgniter\CodeIgniter->run()
#5 {main}
CRITICAL - 2021-12-13 12:24:42 --> Undefined index: cuenta3_codigo
#0 /var/www/html/altozano/code4altozano/app/Controllers/Admin/Oc.php(912): CodeIgniter\Debug\Exceptions->errorHandler()
#1 /var/www/html/altozano/code4altozano/vendor/codeigniter4/framework/system/CodeIgniter.php(802): App\Controllers\Admin\Oc->getExcelTesoreria()
#2 /var/www/html/altozano/code4altozano/vendor/codeigniter4/framework/system/CodeIgniter.php(399): CodeIgniter\CodeIgniter->runController()
#3 /var/www/html/altozano/code4altozano/vendor/codeigniter4/framework/system/CodeIgniter.php(317): CodeIgniter\CodeIgniter->handleRequest()
#4 /var/www/html/altozano/public_altozano/altozano/index.php(37): CodeIgniter\CodeIgniter->run()
#5 {main}
CRITICAL - 2021-12-13 12:28:55 --> Trying to access array offset on value of type null
#0 /var/www/html/altozano/code4altozano/app/Controllers/Admin/Oc.php(846): CodeIgniter\Debug\Exceptions->errorHandler()
#1 /var/www/html/altozano/code4altozano/vendor/codeigniter4/framework/system/CodeIgniter.php(802): App\Controllers\Admin\Oc->getExcelTesoreria()
#2 /var/www/html/altozano/code4altozano/vendor/codeigniter4/framework/system/CodeIgniter.php(399): CodeIgniter\CodeIgniter->runController()
#3 /var/www/html/altozano/code4altozano/vendor/codeigniter4/framework/system/CodeIgniter.php(317): CodeIgniter\CodeIgniter->handleRequest()
#4 /var/www/html/altozano/public_altozano/altozano/index.php(37): CodeIgniter\CodeIgniter->run()
#5 {main}
CRITICAL - 2021-12-13 12:29:44 --> Trying to access array offset on value of type null
#0 /var/www/html/altozano/code4altozano/app/Controllers/Admin/Oc.php(849): CodeIgniter\Debug\Exceptions->errorHandler()
#1 /var/www/html/altozano/code4altozano/vendor/codeigniter4/framework/system/CodeIgniter.php(802): App\Controllers\Admin\Oc->getExcelTesoreria()
#2 /var/www/html/altozano/code4altozano/vendor/codeigniter4/framework/system/CodeIgniter.php(399): CodeIgniter\CodeIgniter->runController()
#3 /var/www/html/altozano/code4altozano/vendor/codeigniter4/framework/system/CodeIgniter.php(317): CodeIgniter\CodeIgniter->handleRequest()
#4 /var/www/html/altozano/public_altozano/altozano/index.php(37): CodeIgniter\CodeIgniter->run()
#5 {main}
CRITICAL - 2021-12-13 12:44:22 --> Undefined offset: 3
#0 /var/www/html/altozano/code4altozano/app/Controllers/Admin/Oc.php(858): CodeIgniter\Debug\Exceptions->errorHandler()
#1 /var/www/html/altozano/code4altozano/vendor/codeigniter4/framework/system/CodeIgniter.php(802): App\Controllers\Admin\Oc->getExcelTesoreria()
#2 /var/www/html/altozano/code4altozano/vendor/codeigniter4/framework/system/CodeIgniter.php(399): CodeIgniter\CodeIgniter->runController()
#3 /var/www/html/altozano/code4altozano/vendor/codeigniter4/framework/system/CodeIgniter.php(317): CodeIgniter\CodeIgniter->handleRequest()
#4 /var/www/html/altozano/public_altozano/altozano/index.php(37): CodeIgniter\CodeIgniter->run()
#5 {main}
CRITICAL - 2021-12-13 12:44:33 --> Undefined offset: 0
#0 /var/www/html/altozano/code4altozano/app/Controllers/Admin/Oc.php(858): CodeIgniter\Debug\Exceptions->errorHandler()
#1 /var/www/html/altozano/code4altozano/vendor/codeigniter4/framework/system/CodeIgniter.php(802): App\Controllers\Admin\Oc->getExcelTesoreria()
#2 /var/www/html/altozano/code4altozano/vendor/codeigniter4/framework/system/CodeIgniter.php(399): CodeIgniter\CodeIgniter->runController()
#3 /var/www/html/altozano/code4altozano/vendor/codeigniter4/framework/system/CodeIgniter.php(317): CodeIgniter\CodeIgniter->handleRequest()
#4 /var/www/html/altozano/public_altozano/altozano/index.php(37): CodeIgniter\CodeIgniter->run()
#5 {main}
ERROR - 2021-12-13 12:57:40 --> Incorrect TIMESTAMP value: ''
CRITICAL - 2021-12-13 12:57:40 --> Incorrect TIMESTAMP value: ''
#0 /var/www/html/altozano/code4altozano/vendor/codeigniter4/framework/system/Database/MySQLi/Connection.php(280): mysqli->query()
#1 /var/www/html/altozano/code4altozano/vendor/codeigniter4/framework/system/Database/BaseConnection.php(663): CodeIgniter\Database\MySQLi\Connection->execute()
#2 /var/www/html/altozano/code4altozano/vendor/codeigniter4/framework/system/Database/BaseConnection.php(591): CodeIgniter\Database\BaseConnection->simpleQuery()
#3 /var/www/html/altozano/code4altozano/vendor/codeigniter4/framework/system/Database/BaseBuilder.php(1428): CodeIgniter\Database\BaseConnection->query()
#4 /var/www/html/altozano/code4altozano/app/Controllers/Admin/Oc.php(614): CodeIgniter\Database\BaseBuilder->get()
#5 /var/www/html/altozano/code4altozano/vendor/codeigniter4/framework/system/CodeIgniter.php(802): App\Controllers\Admin\Oc->getExcelFinanzas()
#6 /var/www/html/altozano/code4altozano/vendor/codeigniter4/framework/system/CodeIgniter.php(399): CodeIgniter\CodeIgniter->runController()
#7 /var/www/html/altozano/code4altozano/vendor/codeigniter4/framework/system/CodeIgniter.php(317): CodeIgniter\CodeIgniter->handleRequest()
#8 /var/www/html/altozano/public_altozano/altozano/index.php(37): CodeIgniter\CodeIgniter->run()
#9 {main}
ERROR - 2021-12-13 14:07:55 --> Unknown column 'idPersonal' in 'field list'
CRITICAL - 2021-12-13 14:07:55 --> Unknown column 'idPersonal' in 'field list'
#0 /var/www/html/altozano/code4altozano/vendor/codeigniter4/framework/system/Database/MySQLi/Connection.php(280): mysqli->query()
#1 /var/www/html/altozano/code4altozano/vendor/codeigniter4/framework/system/Database/BaseConnection.php(663): CodeIgniter\Database\MySQLi\Connection->execute()
#2 /var/www/html/altozano/code4altozano/vendor/codeigniter4/framework/system/Database/BaseConnection.php(591): CodeIgniter\Database\BaseConnection->simpleQuery()
#3 /var/www/html/altozano/code4altozano/vendor/codeigniter4/framework/system/Database/BaseBuilder.php(1733): CodeIgniter\Database\BaseConnection->query()
#4 /var/www/html/altozano/code4altozano/vendor/codeigniter4/framework/system/Model.php(239): CodeIgniter\Database\BaseBuilder->insert()
#5 /var/www/html/altozano/code4altozano/vendor/codeigniter4/framework/system/BaseModel.php(738): CodeIgniter\Model->doInsert()
#6 /var/www/html/altozano/code4altozano/vendor/codeigniter4/framework/system/Model.php(620): CodeIgniter\BaseModel->insert()
#7 /var/www/html/altozano/code4altozano/vendor/codeigniter4/framework/system/BaseModel.php(658): CodeIgniter\Model->insert()
#8 /var/www/html/altozano/code4altozano/app/Controllers/Admin/Oc.php(185): CodeIgniter\BaseModel->save()
#9 /var/www/html/altozano/code4altozano/vendor/codeigniter4/framework/system/CodeIgniter.php(802): App\Controllers\Admin\Oc->agregar()
#10 /var/www/html/altozano/code4altozano/vendor/codeigniter4/framework/system/CodeIgniter.php(399): CodeIgniter\CodeIgniter->runController()
#11 /var/www/html/altozano/code4altozano/vendor/codeigniter4/framework/system/CodeIgniter.php(317): CodeIgniter\CodeIgniter->handleRequest()
#12 /var/www/html/altozano/public_altozano/altozano/index.php(37): CodeIgniter\CodeIgniter->run()
#13 {main}
ERROR - 2021-12-13 14:08:32 --> Column 'texto' cannot be null
CRITICAL - 2021-12-13 14:08:32 --> Column 'texto' cannot be null
#0 /var/www/html/altozano/code4altozano/vendor/codeigniter4/framework/system/Database/MySQLi/Connection.php(280): mysqli->query()
#1 /var/www/html/altozano/code4altozano/vendor/codeigniter4/framework/system/Database/BaseConnection.php(663): CodeIgniter\Database\MySQLi\Connection->execute()
#2 /var/www/html/altozano/code4altozano/vendor/codeigniter4/framework/system/Database/BaseConnection.php(591): CodeIgniter\Database\BaseConnection->simpleQuery()
#3 /var/www/html/altozano/code4altozano/vendor/codeigniter4/framework/system/Database/BaseBuilder.php(1733): CodeIgniter\Database\BaseConnection->query()
#4 /var/www/html/altozano/code4altozano/vendor/codeigniter4/framework/system/Model.php(239): CodeIgniter\Database\BaseBuilder->insert()
#5 /var/www/html/altozano/code4altozano/vendor/codeigniter4/framework/system/BaseModel.php(738): CodeIgniter\Model->doInsert()
#6 /var/www/html/altozano/code4altozano/vendor/codeigniter4/framework/system/Model.php(620): CodeIgniter\BaseModel->insert()
#7 /var/www/html/altozano/code4altozano/vendor/codeigniter4/framework/system/BaseModel.php(658): CodeIgniter\Model->insert()
#8 /var/www/html/altozano/code4altozano/app/Controllers/Admin/Oc.php(185): CodeIgniter\BaseModel->save()
#9 /var/www/html/altozano/code4altozano/vendor/codeigniter4/framework/system/CodeIgniter.php(802): App\Controllers\Admin\Oc->agregar()
#10 /var/www/html/altozano/code4altozano/vendor/codeigniter4/framework/system/CodeIgniter.php(399): CodeIgniter\CodeIgniter->runController()
#11 /var/www/html/altozano/code4altozano/vendor/codeigniter4/framework/system/CodeIgniter.php(317): CodeIgniter\CodeIgniter->handleRequest()
#12 /var/www/html/altozano/public_altozano/altozano/index.php(37): CodeIgniter\CodeIgniter->run()
#13 {main}
CRITICAL - 2021-12-13 14:09:05 --> mkdir(): Permission denied
#0 [internal function]: CodeIgniter\Debug\Exceptions->errorHandler()
#1 /var/www/html/altozano/code4altozano/vendor/codeigniter4/framework/system/HTTP/Files/UploadedFile.php(171): mkdir()
#2 /var/www/html/altozano/code4altozano/vendor/codeigniter4/framework/system/HTTP/Files/UploadedFile.php(130): CodeIgniter\HTTP\Files\UploadedFile->setPath()
#3 /var/www/html/altozano/code4altozano/app/Controllers/Admin/Oc.php(221): CodeIgniter\HTTP\Files\UploadedFile->move()
#4 /var/www/html/altozano/code4altozano/vendor/codeigniter4/framework/system/CodeIgniter.php(802): App\Controllers\Admin\Oc->agregar()
#5 /var/www/html/altozano/code4altozano/vendor/codeigniter4/framework/system/CodeIgniter.php(399): CodeIgniter\CodeIgniter->runController()
#6 /var/www/html/altozano/code4altozano/vendor/codeigniter4/framework/system/CodeIgniter.php(317): CodeIgniter\CodeIgniter->handleRequest()
#7 /var/www/html/altozano/public_altozano/altozano/index.php(37): CodeIgniter\CodeIgniter->run()
#8 {main}
CRITICAL - 2021-12-13 15:24:32 --> Trying to access array offset on value of type null
#0 /var/www/html/altozano/code4altozano/app/Controllers/Admin/Oc.php(413): CodeIgniter\Debug\Exceptions->errorHandler()
#1 /var/www/html/altozano/code4altozano/vendor/codeigniter4/framework/system/CodeIgniter.php(802): App\Controllers\Admin\Oc->editar()
#2 /var/www/html/altozano/code4altozano/vendor/codeigniter4/framework/system/CodeIgniter.php(399): CodeIgniter\CodeIgniter->runController()
#3 /var/www/html/altozano/code4altozano/vendor/codeigniter4/framework/system/CodeIgniter.php(317): CodeIgniter\CodeIgniter->handleRequest()
#4 /var/www/html/altozano/public_altozano/altozano/index.php(37): CodeIgniter\CodeIgniter->run()
#5 {main}
CRITICAL - 2021-12-13 15:24:37 --> Trying to access array offset on value of type null
#0 /var/www/html/altozano/code4altozano/app/Controllers/Admin/Oc.php(413): CodeIgniter\Debug\Exceptions->errorHandler()
#1 /var/www/html/altozano/code4altozano/vendor/codeigniter4/framework/system/CodeIgniter.php(802): App\Controllers\Admin\Oc->editar()
#2 /var/www/html/altozano/code4altozano/vendor/codeigniter4/framework/system/CodeIgniter.php(399): CodeIgniter\CodeIgniter->runController()
#3 /var/www/html/altozano/code4altozano/vendor/codeigniter4/framework/system/CodeIgniter.php(317): CodeIgniter\CodeIgniter->handleRequest()
#4 /var/www/html/altozano/public_altozano/altozano/index.php(37): CodeIgniter\CodeIgniter->run()
#5 {main}
CRITICAL - 2021-12-13 15:24:44 --> Trying to access array offset on value of type null
#0 /var/www/html/altozano/code4altozano/app/Controllers/Admin/Oc.php(413): CodeIgniter\Debug\Exceptions->errorHandler()
#1 /var/www/html/altozano/code4altozano/vendor/codeigniter4/framework/system/CodeIgniter.php(802): App\Controllers\Admin\Oc->editar()
#2 /var/www/html/altozano/code4altozano/vendor/codeigniter4/framework/system/CodeIgniter.php(399): CodeIgniter\CodeIgniter->runController()
#3 /var/www/html/altozano/code4altozano/vendor/codeigniter4/framework/system/CodeIgniter.php(317): CodeIgniter\CodeIgniter->handleRequest()
#4 /var/www/html/altozano/public_altozano/altozano/index.php(37): CodeIgniter\CodeIgniter->run()
#5 {main}
CRITICAL - 2021-12-13 15:25:13 --> Trying to access array offset on value of type null
#0 /var/www/html/altozano/code4altozano/app/Controllers/Admin/Oc.php(413): CodeIgniter\Debug\Exceptions->errorHandler()
#1 /var/www/html/altozano/code4altozano/vendor/codeigniter4/framework/system/CodeIgniter.php(802): App\Controllers\Admin\Oc->editar()
#2 /var/www/html/altozano/code4altozano/vendor/codeigniter4/framework/system/CodeIgniter.php(399): CodeIgniter\CodeIgniter->runController()
#3 /var/www/html/altozano/code4altozano/vendor/codeigniter4/framework/system/CodeIgniter.php(317): CodeIgniter\CodeIgniter->handleRequest()
#4 /var/www/html/altozano/public_altozano/altozano/index.php(37): CodeIgniter\CodeIgniter->run()
#5 {main}
CRITICAL - 2021-12-13 19:10:02 --> Undefined index: personal
#0 /var/www/html/altozano/code4altozano/app/Views/templates/template2.php(68): CodeIgniter\Debug\Exceptions->errorHandler()
#1 /var/www/html/altozano/code4altozano/vendor/codeigniter4/framework/system/View/View.php(214): include('/var/www/html/a...')
#2 /var/www/html/altozano/code4altozano/vendor/codeigniter4/framework/system/View/View.php(217): CodeIgniter\View\View->CodeIgniter\View\{closure}()
#3 /var/www/html/altozano/code4altozano/vendor/codeigniter4/framework/system/Common.php(1092): CodeIgniter\View\View->render()
#4 /var/www/html/altozano/code4altozano/app/Libraries/Template.php(33): view()
#5 /var/www/html/altozano/code4altozano/app/Controllers/Admin/Oc.php(1024): App\Libraries\Template->render()
#6 /var/www/html/altozano/code4altozano/vendor/codeigniter4/framework/system/CodeIgniter.php(802): App\Controllers\Admin\Oc->rendicion()
#7 /var/www/html/altozano/code4altozano/vendor/codeigniter4/framework/system/CodeIgniter.php(399): CodeIgniter\CodeIgniter->runController()
#8 /var/www/html/altozano/code4altozano/vendor/codeigniter4/framework/system/CodeIgniter.php(317): CodeIgniter\CodeIgniter->handleRequest()
#9 /var/www/html/altozano/public_altozano/altozano/index.php(37): CodeIgniter\CodeIgniter->run()
#10 {main}
CRITICAL - 2021-12-13 19:10:05 --> Undefined index: personal
#0 /var/www/html/altozano/code4altozano/app/Views/templates/template2.php(68): CodeIgniter\Debug\Exceptions->errorHandler()
#1 /var/www/html/altozano/code4altozano/vendor/codeigniter4/framework/system/View/View.php(214): include('/var/www/html/a...')
#2 /var/www/html/altozano/code4altozano/vendor/codeigniter4/framework/system/View/View.php(217): CodeIgniter\View\View->CodeIgniter\View\{closure}()
#3 /var/www/html/altozano/code4altozano/vendor/codeigniter4/framework/system/Common.php(1092): CodeIgniter\View\View->render()
#4 /var/www/html/altozano/code4altozano/app/Libraries/Template.php(33): view()
#5 /var/www/html/altozano/code4altozano/app/Controllers/Admin/Oc.php(1024): App\Libraries\Template->render()
#6 /var/www/html/altozano/code4altozano/vendor/codeigniter4/framework/system/CodeIgniter.php(802): App\Controllers\Admin\Oc->rendicion()
#7 /var/www/html/altozano/code4altozano/vendor/codeigniter4/framework/system/CodeIgniter.php(399): CodeIgniter\CodeIgniter->runController()
#8 /var/www/html/altozano/code4altozano/vendor/codeigniter4/framework/system/CodeIgniter.php(317): CodeIgniter\CodeIgniter->handleRequest()
#9 /var/www/html/altozano/public_altozano/altozano/index.php(37): CodeIgniter\CodeIgniter->run()
#10 {main}
CRITICAL - 2021-12-13 19:10:06 --> Undefined index: personal
#0 /var/www/html/altozano/code4altozano/app/Views/templates/template2.php(68): CodeIgniter\Debug\Exceptions->errorHandler()
#1 /var/www/html/altozano/code4altozano/vendor/codeigniter4/framework/system/View/View.php(214): include('/var/www/html/a...')
#2 /var/www/html/altozano/code4altozano/vendor/codeigniter4/framework/system/View/View.php(217): CodeIgniter\View\View->CodeIgniter\View\{closure}()
#3 /var/www/html/altozano/code4altozano/vendor/codeigniter4/framework/system/Common.php(1092): CodeIgniter\View\View->render()
#4 /var/www/html/altozano/code4altozano/app/Libraries/Template.php(33): view()
#5 /var/www/html/altozano/code4altozano/app/Controllers/Admin/Oc.php(1024): App\Libraries\Template->render()
#6 /var/www/html/altozano/code4altozano/vendor/codeigniter4/framework/system/CodeIgniter.php(802): App\Controllers\Admin\Oc->rendicion()
#7 /var/www/html/altozano/code4altozano/vendor/codeigniter4/framework/system/CodeIgniter.php(399): CodeIgniter\CodeIgniter->runController()
#8 /var/www/html/altozano/code4altozano/vendor/codeigniter4/framework/system/CodeIgniter.php(317): CodeIgniter\CodeIgniter->handleRequest()
#9 /var/www/html/altozano/public_altozano/altozano/index.php(37): CodeIgniter\CodeIgniter->run()
#10 {main}
