ERROR - 2021-11-16 13:25:14 --> Error connecting to the database: Call to undefined function CodeIgniter\Database\MySQLi\mysqli_init()
CRITICAL - 2021-11-16 13:25:14 --> Unable to connect to the database.
Main connection [MySQLi]: Call to undefined function CodeIgniter\Database\MySQLi\mysqli_init()
#0 /var/www/html/altozano/code4altozano/vendor/codeigniter4/framework/system/Database/BaseConnection.php(570): CodeIgniter\Database\BaseConnection->initialize()
#1 /var/www/html/altozano/code4altozano/vendor/codeigniter4/framework/system/Database/BaseBuilder.php(1428): CodeIgniter\Database\BaseConnection->query()
#2 /var/www/html/altozano/code4altozano/vendor/codeigniter4/framework/system/Model.php(210): CodeIgniter\Database\BaseBuilder->get()
#3 /var/www/html/altozano/code4altozano/vendor/codeigniter4/framework/system/BaseModel.php(622): CodeIgniter\Model->doFirst()
#4 /var/www/html/altozano/code4altozano/app/Validation/UserRules.php(10): CodeIgniter\BaseModel->first()
#5 /var/www/html/altozano/code4altozano/vendor/codeigniter4/framework/system/Validation/Validation.php(277): App\Validation\UserRules->validateUser()
#6 /var/www/html/altozano/code4altozano/vendor/codeigniter4/framework/system/Validation/Validation.php(151): CodeIgniter\Validation\Validation->processRules()
#7 /var/www/html/altozano/code4altozano/vendor/codeigniter4/framework/system/Controller.php(160): CodeIgniter\Validation\Validation->run()
#8 /var/www/html/altozano/code4altozano/app/Controllers/Login.php(36): CodeIgniter\Controller->validate()
#9 /var/www/html/altozano/code4altozano/vendor/codeigniter4/framework/system/CodeIgniter.php(802): App\Controllers\Login->index()
#10 /var/www/html/altozano/code4altozano/vendor/codeigniter4/framework/system/CodeIgniter.php(399): CodeIgniter\CodeIgniter->runController()
#11 /var/www/html/altozano/code4altozano/vendor/codeigniter4/framework/system/CodeIgniter.php(317): CodeIgniter\CodeIgniter->handleRequest()
#12 /var/www/html/altozano/public_altozano/altozano/index.php(37): CodeIgniter\CodeIgniter->run()
#13 {main}
ERROR - 2021-11-16 13:25:39 --> Error connecting to the database: Call to undefined function CodeIgniter\Database\MySQLi\mysqli_init()
CRITICAL - 2021-11-16 13:25:39 --> Unable to connect to the database.
Main connection [MySQLi]: Call to undefined function CodeIgniter\Database\MySQLi\mysqli_init()
#0 /var/www/html/altozano/code4altozano/vendor/codeigniter4/framework/system/Database/BaseConnection.php(570): CodeIgniter\Database\BaseConnection->initialize()
#1 /var/www/html/altozano/code4altozano/vendor/codeigniter4/framework/system/Database/BaseBuilder.php(1428): CodeIgniter\Database\BaseConnection->query()
#2 /var/www/html/altozano/code4altozano/vendor/codeigniter4/framework/system/Model.php(210): CodeIgniter\Database\BaseBuilder->get()
#3 /var/www/html/altozano/code4altozano/vendor/codeigniter4/framework/system/BaseModel.php(622): CodeIgniter\Model->doFirst()
#4 /var/www/html/altozano/code4altozano/app/Validation/UserRules.php(10): CodeIgniter\BaseModel->first()
#5 /var/www/html/altozano/code4altozano/vendor/codeigniter4/framework/system/Validation/Validation.php(277): App\Validation\UserRules->validateUser()
#6 /var/www/html/altozano/code4altozano/vendor/codeigniter4/framework/system/Validation/Validation.php(151): CodeIgniter\Validation\Validation->processRules()
#7 /var/www/html/altozano/code4altozano/vendor/codeigniter4/framework/system/Controller.php(160): CodeIgniter\Validation\Validation->run()
#8 /var/www/html/altozano/code4altozano/app/Controllers/Login.php(36): CodeIgniter\Controller->validate()
#9 /var/www/html/altozano/code4altozano/vendor/codeigniter4/framework/system/CodeIgniter.php(802): App\Controllers\Login->index()
#10 /var/www/html/altozano/code4altozano/vendor/codeigniter4/framework/system/CodeIgniter.php(399): CodeIgniter\CodeIgniter->runController()
#11 /var/www/html/altozano/code4altozano/vendor/codeigniter4/framework/system/CodeIgniter.php(317): CodeIgniter\CodeIgniter->handleRequest()
#12 /var/www/html/altozano/public_altozano/altozano/index.php(37): CodeIgniter\CodeIgniter->run()
#13 {main}
CRITICAL - 2021-11-16 13:42:18 --> Cannot use object of type stdClass as array
#0 /var/www/html/altozano/code4altozano/vendor/codeigniter4/framework/system/View/View.php(214): include()
#1 /var/www/html/altozano/code4altozano/vendor/codeigniter4/framework/system/View/View.php(217): CodeIgniter\View\View->CodeIgniter\View\{closure}()
#2 /var/www/html/altozano/code4altozano/vendor/codeigniter4/framework/system/Common.php(1092): CodeIgniter\View\View->render()
#3 /var/www/html/altozano/code4altozano/app/Libraries/Template.php(26): view()
#4 /var/www/html/altozano/code4altozano/app/Controllers/Admin/Oc.php(161): App\Libraries\Template->render()
#5 /var/www/html/altozano/code4altozano/vendor/codeigniter4/framework/system/CodeIgniter.php(802): App\Controllers\Admin\Oc->agregar()
#6 /var/www/html/altozano/code4altozano/vendor/codeigniter4/framework/system/CodeIgniter.php(399): CodeIgniter\CodeIgniter->runController()
#7 /var/www/html/altozano/code4altozano/vendor/codeigniter4/framework/system/CodeIgniter.php(317): CodeIgniter\CodeIgniter->handleRequest()
#8 /var/www/html/altozano/public_altozano/altozano/index.php(37): CodeIgniter\CodeIgniter->run()
#9 {main}
CRITICAL - 2021-11-16 13:42:32 --> Undefined property: stdClass::$id
#0 /var/www/html/altozano/code4altozano/app/Views/Admin/oc/agregar.php(315): CodeIgniter\Debug\Exceptions->errorHandler()
#1 /var/www/html/altozano/code4altozano/vendor/codeigniter4/framework/system/View/View.php(214): include('/var/www/html/a...')
#2 /var/www/html/altozano/code4altozano/vendor/codeigniter4/framework/system/View/View.php(217): CodeIgniter\View\View->CodeIgniter\View\{closure}()
#3 /var/www/html/altozano/code4altozano/vendor/codeigniter4/framework/system/Common.php(1092): CodeIgniter\View\View->render()
#4 /var/www/html/altozano/code4altozano/app/Libraries/Template.php(26): view()
#5 /var/www/html/altozano/code4altozano/app/Controllers/Admin/Oc.php(161): App\Libraries\Template->render()
#6 /var/www/html/altozano/code4altozano/vendor/codeigniter4/framework/system/CodeIgniter.php(802): App\Controllers\Admin\Oc->agregar()
#7 /var/www/html/altozano/code4altozano/vendor/codeigniter4/framework/system/CodeIgniter.php(399): CodeIgniter\CodeIgniter->runController()
#8 /var/www/html/altozano/code4altozano/vendor/codeigniter4/framework/system/CodeIgniter.php(317): CodeIgniter\CodeIgniter->handleRequest()
#9 /var/www/html/altozano/public_altozano/altozano/index.php(37): CodeIgniter\CodeIgniter->run()
#10 {main}
CRITICAL - 2021-11-16 13:42:33 --> Undefined property: stdClass::$id
#0 /var/www/html/altozano/code4altozano/app/Views/Admin/oc/agregar.php(315): CodeIgniter\Debug\Exceptions->errorHandler()
#1 /var/www/html/altozano/code4altozano/vendor/codeigniter4/framework/system/View/View.php(214): include('/var/www/html/a...')
#2 /var/www/html/altozano/code4altozano/vendor/codeigniter4/framework/system/View/View.php(217): CodeIgniter\View\View->CodeIgniter\View\{closure}()
#3 /var/www/html/altozano/code4altozano/vendor/codeigniter4/framework/system/Common.php(1092): CodeIgniter\View\View->render()
#4 /var/www/html/altozano/code4altozano/app/Libraries/Template.php(26): view()
#5 /var/www/html/altozano/code4altozano/app/Controllers/Admin/Oc.php(161): App\Libraries\Template->render()
#6 /var/www/html/altozano/code4altozano/vendor/codeigniter4/framework/system/CodeIgniter.php(802): App\Controllers\Admin\Oc->agregar()
#7 /var/www/html/altozano/code4altozano/vendor/codeigniter4/framework/system/CodeIgniter.php(399): CodeIgniter\CodeIgniter->runController()
#8 /var/www/html/altozano/code4altozano/vendor/codeigniter4/framework/system/CodeIgniter.php(317): CodeIgniter\CodeIgniter->handleRequest()
#9 /var/www/html/altozano/public_altozano/altozano/index.php(37): CodeIgniter\CodeIgniter->run()
#10 {main}
CRITICAL - 2021-11-16 22:52:50 --> Invalid file: Admin/centro/list.php
#0 /var/www/html/altozano/code4altozano/vendor/codeigniter4/framework/system/View/View.php(198): CodeIgniter\Exceptions\FrameworkException::forInvalidFile()
#1 /var/www/html/altozano/code4altozano/vendor/codeigniter4/framework/system/Common.php(1092): CodeIgniter\View\View->render()
#2 /var/www/html/altozano/code4altozano/app/Libraries/Template.php(26): view()
#3 /var/www/html/altozano/code4altozano/app/Controllers/Admin/Centro.php(44): App\Libraries\Template->render()
#4 /var/www/html/altozano/code4altozano/vendor/codeigniter4/framework/system/CodeIgniter.php(802): App\Controllers\Admin\Centro->index()
#5 /var/www/html/altozano/code4altozano/vendor/codeigniter4/framework/system/CodeIgniter.php(399): CodeIgniter\CodeIgniter->runController()
#6 /var/www/html/altozano/code4altozano/vendor/codeigniter4/framework/system/CodeIgniter.php(317): CodeIgniter\CodeIgniter->handleRequest()
#7 /var/www/html/altozano/public_altozano/altozano/index.php(37): CodeIgniter\CodeIgniter->run()
#8 {main}
CRITICAL - 2021-11-16 22:54:08 --> Invalid file: Admin/centro/list.php
#0 /var/www/html/altozano/code4altozano/vendor/codeigniter4/framework/system/View/View.php(198): CodeIgniter\Exceptions\FrameworkException::forInvalidFile()
#1 /var/www/html/altozano/code4altozano/vendor/codeigniter4/framework/system/Common.php(1092): CodeIgniter\View\View->render()
#2 /var/www/html/altozano/code4altozano/app/Libraries/Template.php(26): view()
#3 /var/www/html/altozano/code4altozano/app/Controllers/Admin/Centro.php(44): App\Libraries\Template->render()
#4 /var/www/html/altozano/code4altozano/vendor/codeigniter4/framework/system/CodeIgniter.php(802): App\Controllers\Admin\Centro->index()
#5 /var/www/html/altozano/code4altozano/vendor/codeigniter4/framework/system/CodeIgniter.php(399): CodeIgniter\CodeIgniter->runController()
#6 /var/www/html/altozano/code4altozano/vendor/codeigniter4/framework/system/CodeIgniter.php(317): CodeIgniter\CodeIgniter->handleRequest()
#7 /var/www/html/altozano/public_altozano/altozano/index.php(37): CodeIgniter\CodeIgniter->run()
#8 {main}
CRITICAL - 2021-11-16 22:54:14 --> Undefined variable: idKey
#0 /var/www/html/altozano/code4altozano/app/Controllers/Admin/Centro.php(76): CodeIgniter\Debug\Exceptions->errorHandler()
#1 /var/www/html/altozano/code4altozano/vendor/codeigniter4/framework/system/CodeIgniter.php(802): App\Controllers\Admin\Centro->agregar()
#2 /var/www/html/altozano/code4altozano/vendor/codeigniter4/framework/system/CodeIgniter.php(399): CodeIgniter\CodeIgniter->runController()
#3 /var/www/html/altozano/code4altozano/vendor/codeigniter4/framework/system/CodeIgniter.php(317): CodeIgniter\CodeIgniter->handleRequest()
#4 /var/www/html/altozano/public_altozano/altozano/index.php(37): CodeIgniter\CodeIgniter->run()
#5 {main}
ERROR - 2021-11-16 22:54:27 --> Not unique table/alias: 'centro'
CRITICAL - 2021-11-16 22:54:27 --> Not unique table/alias: 'centro'
#0 /var/www/html/altozano/code4altozano/vendor/codeigniter4/framework/system/Database/MySQLi/Connection.php(280): mysqli->query()
#1 /var/www/html/altozano/code4altozano/vendor/codeigniter4/framework/system/Database/BaseConnection.php(663): CodeIgniter\Database\MySQLi\Connection->execute()
#2 /var/www/html/altozano/code4altozano/vendor/codeigniter4/framework/system/Database/BaseConnection.php(591): CodeIgniter\Database\BaseConnection->simpleQuery()
#3 /var/www/html/altozano/code4altozano/vendor/codeigniter4/framework/system/Database/BaseBuilder.php(1428): CodeIgniter\Database\BaseConnection->query()
#4 /var/www/html/altozano/code4altozano/app/Controllers/Admin/Centro.php(205): CodeIgniter\Database\BaseBuilder->get()
#5 /var/www/html/altozano/code4altozano/vendor/codeigniter4/framework/system/CodeIgniter.php(802): App\Controllers\Admin\Centro->centro()
#6 /var/www/html/altozano/code4altozano/vendor/codeigniter4/framework/system/CodeIgniter.php(399): CodeIgniter\CodeIgniter->runController()
#7 /var/www/html/altozano/code4altozano/vendor/codeigniter4/framework/system/CodeIgniter.php(317): CodeIgniter\CodeIgniter->handleRequest()
#8 /var/www/html/altozano/public_altozano/altozano/index.php(37): CodeIgniter\CodeIgniter->run()
#9 {main}
ERROR - 2021-11-16 22:55:13 --> Not unique table/alias: 'centro'
CRITICAL - 2021-11-16 22:55:13 --> Not unique table/alias: 'centro'
#0 /var/www/html/altozano/code4altozano/vendor/codeigniter4/framework/system/Database/MySQLi/Connection.php(280): mysqli->query()
#1 /var/www/html/altozano/code4altozano/vendor/codeigniter4/framework/system/Database/BaseConnection.php(663): CodeIgniter\Database\MySQLi\Connection->execute()
#2 /var/www/html/altozano/code4altozano/vendor/codeigniter4/framework/system/Database/BaseConnection.php(591): CodeIgniter\Database\BaseConnection->simpleQuery()
#3 /var/www/html/altozano/code4altozano/vendor/codeigniter4/framework/system/Database/BaseBuilder.php(1428): CodeIgniter\Database\BaseConnection->query()
#4 /var/www/html/altozano/code4altozano/app/Controllers/Admin/Centro.php(205): CodeIgniter\Database\BaseBuilder->get()
#5 /var/www/html/altozano/code4altozano/vendor/codeigniter4/framework/system/CodeIgniter.php(802): App\Controllers\Admin\Centro->centro()
#6 /var/www/html/altozano/code4altozano/vendor/codeigniter4/framework/system/CodeIgniter.php(399): CodeIgniter\CodeIgniter->runController()
#7 /var/www/html/altozano/code4altozano/vendor/codeigniter4/framework/system/CodeIgniter.php(317): CodeIgniter\CodeIgniter->handleRequest()
#8 /var/www/html/altozano/public_altozano/altozano/index.php(37): CodeIgniter\CodeIgniter->run()
#9 {main}
CRITICAL - 2021-11-16 23:02:32 --> Trying to get property 'descripcion' of non-object
#0 /var/www/html/altozano/code4altozano/app/Views/Admin/key/centro.php(3): CodeIgniter\Debug\Exceptions->errorHandler()
#1 /var/www/html/altozano/code4altozano/vendor/codeigniter4/framework/system/View/View.php(214): include('/var/www/html/a...')
#2 /var/www/html/altozano/code4altozano/vendor/codeigniter4/framework/system/View/View.php(217): CodeIgniter\View\View->CodeIgniter\View\{closure}()
#3 /var/www/html/altozano/code4altozano/vendor/codeigniter4/framework/system/Common.php(1092): CodeIgniter\View\View->render()
#4 /var/www/html/altozano/code4altozano/app/Libraries/Template.php(26): view()
#5 /var/www/html/altozano/code4altozano/app/Controllers/Admin/Key.php(147): App\Libraries\Template->render()
#6 /var/www/html/altozano/code4altozano/vendor/codeigniter4/framework/system/CodeIgniter.php(802): App\Controllers\Admin\Key->centro()
#7 /var/www/html/altozano/code4altozano/vendor/codeigniter4/framework/system/CodeIgniter.php(399): CodeIgniter\CodeIgniter->runController()
#8 /var/www/html/altozano/code4altozano/vendor/codeigniter4/framework/system/CodeIgniter.php(317): CodeIgniter\CodeIgniter->handleRequest()
#9 /var/www/html/altozano/public_altozano/altozano/index.php(37): CodeIgniter\CodeIgniter->run()
#10 {main}
CRITICAL - 2021-11-16 23:02:45 --> Undefined property: stdClass::$centro_descripcion
#0 /var/www/html/altozano/code4altozano/app/Views/Admin/key/centro.php(33): CodeIgniter\Debug\Exceptions->errorHandler()
#1 /var/www/html/altozano/code4altozano/vendor/codeigniter4/framework/system/View/View.php(214): include('/var/www/html/a...')
#2 /var/www/html/altozano/code4altozano/vendor/codeigniter4/framework/system/View/View.php(217): CodeIgniter\View\View->CodeIgniter\View\{closure}()
#3 /var/www/html/altozano/code4altozano/vendor/codeigniter4/framework/system/Common.php(1092): CodeIgniter\View\View->render()
#4 /var/www/html/altozano/code4altozano/app/Libraries/Template.php(26): view()
#5 /var/www/html/altozano/code4altozano/app/Controllers/Admin/Key.php(147): App\Libraries\Template->render()
#6 /var/www/html/altozano/code4altozano/vendor/codeigniter4/framework/system/CodeIgniter.php(802): App\Controllers\Admin\Key->centro()
#7 /var/www/html/altozano/code4altozano/vendor/codeigniter4/framework/system/CodeIgniter.php(399): CodeIgniter\CodeIgniter->runController()
#8 /var/www/html/altozano/code4altozano/vendor/codeigniter4/framework/system/CodeIgniter.php(317): CodeIgniter\CodeIgniter->handleRequest()
#9 /var/www/html/altozano/public_altozano/altozano/index.php(37): CodeIgniter\CodeIgniter->run()
#10 {main}
CRITICAL - 2021-11-16 23:02:45 --> Undefined property: stdClass::$centro_descripcion
#0 /var/www/html/altozano/code4altozano/app/Views/Admin/key/centro.php(33): CodeIgniter\Debug\Exceptions->errorHandler()
#1 /var/www/html/altozano/code4altozano/vendor/codeigniter4/framework/system/View/View.php(214): include('/var/www/html/a...')
#2 /var/www/html/altozano/code4altozano/vendor/codeigniter4/framework/system/View/View.php(217): CodeIgniter\View\View->CodeIgniter\View\{closure}()
#3 /var/www/html/altozano/code4altozano/vendor/codeigniter4/framework/system/Common.php(1092): CodeIgniter\View\View->render()
#4 /var/www/html/altozano/code4altozano/app/Libraries/Template.php(26): view()
#5 /var/www/html/altozano/code4altozano/app/Controllers/Admin/Key.php(147): App\Libraries\Template->render()
#6 /var/www/html/altozano/code4altozano/vendor/codeigniter4/framework/system/CodeIgniter.php(802): App\Controllers\Admin\Key->centro()
#7 /var/www/html/altozano/code4altozano/vendor/codeigniter4/framework/system/CodeIgniter.php(399): CodeIgniter\CodeIgniter->runController()
#8 /var/www/html/altozano/code4altozano/vendor/codeigniter4/framework/system/CodeIgniter.php(317): CodeIgniter\CodeIgniter->handleRequest()
#9 /var/www/html/altozano/public_altozano/altozano/index.php(37): CodeIgniter\CodeIgniter->run()
#10 {main}
CRITICAL - 2021-11-16 23:32:16 --> Invalid file: Admin/centro/agregar.php
#0 /var/www/html/altozano/code4altozano/vendor/codeigniter4/framework/system/View/View.php(198): CodeIgniter\Exceptions\FrameworkException::forInvalidFile()
#1 /var/www/html/altozano/code4altozano/vendor/codeigniter4/framework/system/Common.php(1092): CodeIgniter\View\View->render()
#2 /var/www/html/altozano/code4altozano/app/Libraries/Template.php(26): view()
#3 /var/www/html/altozano/code4altozano/app/Controllers/Admin/Centro.php(67): App\Libraries\Template->render()
#4 /var/www/html/altozano/code4altozano/vendor/codeigniter4/framework/system/CodeIgniter.php(802): App\Controllers\Admin\Centro->agregar()
#5 /var/www/html/altozano/code4altozano/vendor/codeigniter4/framework/system/CodeIgniter.php(399): CodeIgniter\CodeIgniter->runController()
#6 /var/www/html/altozano/code4altozano/vendor/codeigniter4/framework/system/CodeIgniter.php(317): CodeIgniter\CodeIgniter->handleRequest()
#7 /var/www/html/altozano/public_altozano/altozano/index.php(37): CodeIgniter\CodeIgniter->run()
#8 {main}
CRITICAL - 2021-11-16 23:32:25 --> Invalid file: Admin/centro/agregar.php
#0 /var/www/html/altozano/code4altozano/vendor/codeigniter4/framework/system/View/View.php(198): CodeIgniter\Exceptions\FrameworkException::forInvalidFile()
#1 /var/www/html/altozano/code4altozano/vendor/codeigniter4/framework/system/Common.php(1092): CodeIgniter\View\View->render()
#2 /var/www/html/altozano/code4altozano/app/Libraries/Template.php(26): view()
#3 /var/www/html/altozano/code4altozano/app/Controllers/Admin/Centro.php(67): App\Libraries\Template->render()
#4 /var/www/html/altozano/code4altozano/vendor/codeigniter4/framework/system/CodeIgniter.php(802): App\Controllers\Admin\Centro->agregar()
#5 /var/www/html/altozano/code4altozano/vendor/codeigniter4/framework/system/CodeIgniter.php(399): CodeIgniter\CodeIgniter->runController()
#6 /var/www/html/altozano/code4altozano/vendor/codeigniter4/framework/system/CodeIgniter.php(317): CodeIgniter\CodeIgniter->handleRequest()
#7 /var/www/html/altozano/public_altozano/altozano/index.php(37): CodeIgniter\CodeIgniter->run()
#8 {main}
CRITICAL - 2021-11-16 23:34:32 --> Undefined variable: validation
#0 /var/www/html/altozano/code4altozano/app/Views/Admin/key/centro.php(17): CodeIgniter\Debug\Exceptions->errorHandler()
#1 /var/www/html/altozano/code4altozano/vendor/codeigniter4/framework/system/View/View.php(214): include('/var/www/html/a...')
#2 /var/www/html/altozano/code4altozano/vendor/codeigniter4/framework/system/View/View.php(217): CodeIgniter\View\View->CodeIgniter\View\{closure}()
#3 /var/www/html/altozano/code4altozano/vendor/codeigniter4/framework/system/Common.php(1092): CodeIgniter\View\View->render()
#4 /var/www/html/altozano/code4altozano/app/Libraries/Template.php(26): view()
#5 /var/www/html/altozano/code4altozano/app/Controllers/Admin/Key.php(147): App\Libraries\Template->render()
#6 /var/www/html/altozano/code4altozano/vendor/codeigniter4/framework/system/CodeIgniter.php(802): App\Controllers\Admin\Key->centro()
#7 /var/www/html/altozano/code4altozano/vendor/codeigniter4/framework/system/CodeIgniter.php(399): CodeIgniter\CodeIgniter->runController()
#8 /var/www/html/altozano/code4altozano/vendor/codeigniter4/framework/system/CodeIgniter.php(317): CodeIgniter\CodeIgniter->handleRequest()
#9 /var/www/html/altozano/public_altozano/altozano/index.php(37): CodeIgniter\CodeIgniter->run()
#10 {main}
CRITICAL - 2021-11-16 23:37:39 --> Undefined variable: validation
#0 /var/www/html/altozano/code4altozano/app/Views/Admin/key/centro.php(17): CodeIgniter\Debug\Exceptions->errorHandler()
#1 /var/www/html/altozano/code4altozano/vendor/codeigniter4/framework/system/View/View.php(214): include('/var/www/html/a...')
#2 /var/www/html/altozano/code4altozano/vendor/codeigniter4/framework/system/View/View.php(217): CodeIgniter\View\View->CodeIgniter\View\{closure}()
#3 /var/www/html/altozano/code4altozano/vendor/codeigniter4/framework/system/Common.php(1092): CodeIgniter\View\View->render()
#4 /var/www/html/altozano/code4altozano/app/Libraries/Template.php(26): view()
#5 /var/www/html/altozano/code4altozano/app/Controllers/Admin/Key.php(147): App\Libraries\Template->render()
#6 /var/www/html/altozano/code4altozano/vendor/codeigniter4/framework/system/CodeIgniter.php(802): App\Controllers\Admin\Key->centro()
#7 /var/www/html/altozano/code4altozano/vendor/codeigniter4/framework/system/CodeIgniter.php(399): CodeIgniter\CodeIgniter->runController()
#8 /var/www/html/altozano/code4altozano/vendor/codeigniter4/framework/system/CodeIgniter.php(317): CodeIgniter\CodeIgniter->handleRequest()
#9 /var/www/html/altozano/public_altozano/altozano/index.php(37): CodeIgniter\CodeIgniter->run()
#10 {main}
